epoch: 1, loss: 3.9869, accuracy: 0.0000
epoch: 1, loss: 3.9907, accuracy: 0.0000
epoch: 1, loss: 4.0571, accuracy: 0.0000
epoch: 1, loss: 3.9886, accuracy: 0.0000
epoch: 1, loss: 3.3722, accuracy: 0.0000
epoch: 2, loss: 4.8093, accuracy: 0.0000
epoch: 2, loss: 3.9637, accuracy: 0.0000
epoch: 2, loss: 4.0835, accuracy: 0.0000
epoch: 2, loss: 3.9225, accuracy: 0.0000
epoch: 2, loss: 3.2342, accuracy: 0.0000
epoch: 3, loss: 4.1328, accuracy: 0.0063
epoch: 3, loss: 3.7422, accuracy: 0.0031
epoch: 3, loss: 3.7897, accuracy: 0.0021
epoch: 3, loss: 3.5952, accuracy: 0.0047
epoch: 3, loss: 2.8840, accuracy: 0.0077
epoch: 4, loss: 3.5760, accuracy: 0.0000
epoch: 4, loss: 3.6561, accuracy: 0.0063
epoch: 4, loss: 3.8271, accuracy: 0.0083
epoch: 4, loss: 3.7039, accuracy: 0.0141
epoch: 4, loss: 3.6420, accuracy: 0.0141
epoch: 5, loss: 4.1446, accuracy: 0.0000
epoch: 5, loss: 4.0898, accuracy: 0.0031
epoch: 5, loss: 4.0386, accuracy: 0.0042
epoch: 5, loss: 4.0172, accuracy: 0.0031
epoch: 5, loss: 3.6757, accuracy: 0.0026
epoch: 6, loss: 3.9956, accuracy: 0.0000
epoch: 6, loss: 3.9501, accuracy: 0.0219
epoch: 6, loss: 3.9818, accuracy: 0.0208
epoch: 6, loss: 3.9233, accuracy: 0.0266
epoch: 6, loss: 3.5582, accuracy: 0.0257
epoch: 7, loss: 3.9041, accuracy: 0.0125
epoch: 7, loss: 3.8423, accuracy: 0.0219
epoch: 7, loss: 3.8963, accuracy: 0.0271
epoch: 7, loss: 3.8906, accuracy: 0.0297
epoch: 7, loss: 3.5704, accuracy: 0.0321
epoch: 8, loss: 3.9295, accuracy: 0.0000
epoch: 8, loss: 3.9031, accuracy: 0.0219
epoch: 8, loss: 3.9782, accuracy: 0.0188
epoch: 8, loss: 3.9613, accuracy: 0.0203
epoch: 8, loss: 3.5719, accuracy: 0.0270
epoch: 9, loss: 3.9373, accuracy: 0.0000
epoch: 9, loss: 3.8968, accuracy: 0.0250
epoch: 9, loss: 3.9753, accuracy: 0.0188
epoch: 9, loss: 3.9646, accuracy: 0.0219
epoch: 9, loss: 3.5750, accuracy: 0.0180
epoch: 10, loss: 3.9432, accuracy: 0.0063
epoch: 10, loss: 3.9155, accuracy: 0.0344
epoch: 10, loss: 3.9596, accuracy: 0.0417
epoch: 10, loss: 3.9402, accuracy: 0.0469
epoch: 10, loss: 3.5821, accuracy: 0.0436
epoch: 11, loss: 3.9525, accuracy: 0.0125
epoch: 11, loss: 3.9334, accuracy: 0.0500
epoch: 11, loss: 3.9743, accuracy: 0.0396
epoch: 11, loss: 3.9242, accuracy: 0.0547
epoch: 11, loss: 3.5629, accuracy: 0.0475
epoch: 12, loss: 3.9319, accuracy: 0.0000
epoch: 12, loss: 3.9136, accuracy: 0.0312
epoch: 12, loss: 3.9565, accuracy: 0.0312
epoch: 12, loss: 3.8596, accuracy: 0.0625
epoch: 12, loss: 3.5331, accuracy: 0.0513
epoch: 13, loss: 3.8573, accuracy: 0.0000
epoch: 13, loss: 3.8815, accuracy: 0.0000
epoch: 13, loss: 3.9092, accuracy: 0.0104
epoch: 13, loss: 3.7773, accuracy: 0.0078
epoch: 13, loss: 3.4509, accuracy: 0.0064
epoch: 14, loss: 3.7999, accuracy: 0.0000
epoch: 14, loss: 3.6532, accuracy: 0.0063
epoch: 14, loss: 3.8549, accuracy: 0.0083
epoch: 14, loss: 3.8271, accuracy: 0.0109
epoch: 14, loss: 3.2794, accuracy: 0.0090
epoch: 15, loss: 3.7416, accuracy: 0.0000
epoch: 15, loss: 3.8529, accuracy: 0.0125
epoch: 15, loss: 3.6398, accuracy: 0.0437
epoch: 15, loss: 3.6517, accuracy: 0.0437
epoch: 15, loss: 3.6925, accuracy: 0.0359
epoch: 16, loss: 3.2916, accuracy: 0.0938
epoch: 16, loss: 3.7672, accuracy: 0.0625
epoch: 16, loss: 3.9554, accuracy: 0.0417
epoch: 16, loss: 3.5487, accuracy: 0.0375
epoch: 16, loss: 3.3883, accuracy: 0.0334
epoch: 17, loss: 3.6041, accuracy: 0.0063
epoch: 17, loss: 3.8367, accuracy: 0.0219
epoch: 17, loss: 4.0828, accuracy: 0.0229
epoch: 17, loss: 3.3310, accuracy: 0.0203
epoch: 17, loss: 3.4577, accuracy: 0.0167
epoch: 18, loss: 4.1600, accuracy: 0.0000
epoch: 18, loss: 3.6836, accuracy: 0.0312
epoch: 18, loss: 3.9282, accuracy: 0.0250
epoch: 18, loss: 3.9329, accuracy: 0.0328
epoch: 18, loss: 3.2383, accuracy: 0.0552
epoch: 19, loss: 3.9877, accuracy: 0.0000
epoch: 19, loss: 3.5751, accuracy: 0.0281
epoch: 19, loss: 3.4651, accuracy: 0.0208
epoch: 19, loss: 3.9334, accuracy: 0.0188
epoch: 19, loss: 3.2016, accuracy: 0.0270
epoch: 20, loss: 3.7206, accuracy: 0.0375
epoch: 20, loss: 3.8416, accuracy: 0.0500
epoch: 20, loss: 4.0262, accuracy: 0.0375
epoch: 20, loss: 3.4422, accuracy: 0.0328
epoch: 20, loss: 3.4142, accuracy: 0.0282
epoch: 21, loss: 3.7566, accuracy: 0.0938
epoch: 21, loss: 3.7818, accuracy: 0.0594
epoch: 21, loss: 4.0138, accuracy: 0.0542
epoch: 21, loss: 3.6979, accuracy: 0.0484
epoch: 21, loss: 3.5862, accuracy: 0.0488
epoch: 22, loss: 3.8719, accuracy: 0.0125
epoch: 22, loss: 3.9988, accuracy: 0.0312
epoch: 22, loss: 3.9291, accuracy: 0.0354
epoch: 22, loss: 3.7322, accuracy: 0.0422
epoch: 22, loss: 3.3707, accuracy: 0.0591
epoch: 23, loss: 3.7348, accuracy: 0.0000
epoch: 23, loss: 3.6875, accuracy: 0.0375
epoch: 23, loss: 3.6282, accuracy: 0.0583
epoch: 23, loss: 3.4782, accuracy: 0.0469
epoch: 23, loss: 3.2018, accuracy: 0.0398
epoch: 24, loss: 3.6313, accuracy: 0.0000
epoch: 24, loss: 3.5315, accuracy: 0.0188
epoch: 24, loss: 3.2816, accuracy: 0.0354
epoch: 24, loss: 3.4616, accuracy: 0.0281
epoch: 24, loss: 3.0702, accuracy: 0.0436
epoch: 25, loss: 3.6092, accuracy: 0.0312
epoch: 25, loss: 3.4026, accuracy: 0.1000
epoch: 25, loss: 2.9866, accuracy: 0.1500
epoch: 25, loss: 3.5115, accuracy: 0.1187
epoch: 25, loss: 2.9417, accuracy: 0.1232
epoch: 26, loss: 3.3185, accuracy: 0.0500
epoch: 26, loss: 3.5472, accuracy: 0.1031
epoch: 26, loss: 3.7295, accuracy: 0.0938
epoch: 26, loss: 3.3690, accuracy: 0.0906
epoch: 26, loss: 3.1545, accuracy: 0.0873
epoch: 27, loss: 3.4998, accuracy: 0.1187
epoch: 27, loss: 3.4006, accuracy: 0.1469
epoch: 27, loss: 3.2183, accuracy: 0.1333
epoch: 27, loss: 3.4660, accuracy: 0.1219
epoch: 27, loss: 3.0576, accuracy: 0.1104
epoch: 28, loss: 3.3294, accuracy: 0.0437
epoch: 28, loss: 3.2854, accuracy: 0.0938
epoch: 28, loss: 3.0825, accuracy: 0.1021
epoch: 28, loss: 3.2471, accuracy: 0.1094
epoch: 28, loss: 2.9325, accuracy: 0.0963
epoch: 29, loss: 3.1668, accuracy: 0.0625
epoch: 29, loss: 2.8505, accuracy: 0.1000
epoch: 29, loss: 2.9983, accuracy: 0.1208
epoch: 29, loss: 3.0967, accuracy: 0.0969
epoch: 29, loss: 2.7062, accuracy: 0.1001
epoch: 30, loss: 2.7287, accuracy: 0.0750
epoch: 30, loss: 2.5981, accuracy: 0.1781
epoch: 30, loss: 2.3161, accuracy: 0.2188
epoch: 30, loss: 2.7129, accuracy: 0.2109
epoch: 30, loss: 2.4604, accuracy: 0.2041
epoch: 31, loss: 2.2863, accuracy: 0.2875
epoch: 31, loss: 2.2106, accuracy: 0.3187
epoch: 31, loss: 1.9599, accuracy: 0.3896
epoch: 31, loss: 2.6066, accuracy: 0.3328
epoch: 31, loss: 2.3542, accuracy: 0.2875
epoch: 32, loss: 2.1986, accuracy: 0.2375
epoch: 32, loss: 1.9116, accuracy: 0.3187
epoch: 32, loss: 1.9757, accuracy: 0.3688
epoch: 32, loss: 2.4273, accuracy: 0.3375
epoch: 32, loss: 2.0361, accuracy: 0.3299
epoch: 33, loss: 2.0498, accuracy: 0.3125
epoch: 33, loss: 1.9666, accuracy: 0.3562
epoch: 33, loss: 1.6890, accuracy: 0.4104
epoch: 33, loss: 2.3225, accuracy: 0.3562
epoch: 33, loss: 1.7683, accuracy: 0.3902
epoch: 34, loss: 1.7503, accuracy: 0.5437
epoch: 34, loss: 2.0460, accuracy: 0.4625
epoch: 34, loss: 1.4582, accuracy: 0.5104
epoch: 34, loss: 2.7389, accuracy: 0.3938
epoch: 34, loss: 1.8552, accuracy: 0.3890
epoch: 35, loss: 2.5850, accuracy: 0.1688
epoch: 35, loss: 1.6804, accuracy: 0.3344
epoch: 35, loss: 1.2550, accuracy: 0.4688
epoch: 35, loss: 2.1225, accuracy: 0.4266
epoch: 35, loss: 2.0031, accuracy: 0.4146
epoch: 36, loss: 1.3717, accuracy: 0.5562
epoch: 36, loss: 1.3702, accuracy: 0.5344
epoch: 36, loss: 1.2285, accuracy: 0.5708
epoch: 36, loss: 1.7689, accuracy: 0.5219
epoch: 36, loss: 1.4047, accuracy: 0.5122
epoch: 37, loss: 1.0771, accuracy: 0.7000
epoch: 37, loss: 1.0830, accuracy: 0.6812
epoch: 37, loss: 1.0297, accuracy: 0.7146
epoch: 37, loss: 1.4084, accuracy: 0.6891
epoch: 37, loss: 1.3188, accuracy: 0.6508
epoch: 38, loss: 1.0815, accuracy: 0.6562
epoch: 38, loss: 0.8966, accuracy: 0.7156
epoch: 38, loss: 0.7913, accuracy: 0.7583
epoch: 38, loss: 1.2937, accuracy: 0.7063
epoch: 38, loss: 1.0425, accuracy: 0.6752
epoch: 39, loss: 0.8979, accuracy: 0.7625
epoch: 39, loss: 0.6471, accuracy: 0.8062
epoch: 39, loss: 0.5709, accuracy: 0.8500
epoch: 39, loss: 0.8618, accuracy: 0.8391
epoch: 39, loss: 0.8335, accuracy: 0.8151
epoch: 40, loss: 0.5832, accuracy: 0.8813
epoch: 40, loss: 0.4487, accuracy: 0.8844
epoch: 40, loss: 0.3777, accuracy: 0.9146
epoch: 40, loss: 0.7132, accuracy: 0.8922
epoch: 40, loss: 0.6534, accuracy: 0.8678
epoch: 41, loss: 0.4886, accuracy: 0.8250
epoch: 41, loss: 0.3673, accuracy: 0.8781
epoch: 41, loss: 0.2692, accuracy: 0.9104
epoch: 41, loss: 0.5677, accuracy: 0.9078
epoch: 41, loss: 0.4921, accuracy: 0.8999
epoch: 42, loss: 0.3677, accuracy: 0.9375
epoch: 42, loss: 0.3198, accuracy: 0.9219
epoch: 42, loss: 0.2512, accuracy: 0.9396
epoch: 42, loss: 0.4328, accuracy: 0.9359
epoch: 42, loss: 0.4673, accuracy: 0.9153
epoch: 43, loss: 0.3922, accuracy: 0.9312
epoch: 43, loss: 0.2329, accuracy: 0.9531
epoch: 43, loss: 0.2066, accuracy: 0.9604
epoch: 43, loss: 0.3787, accuracy: 0.9547
epoch: 43, loss: 0.5200, accuracy: 0.9358
epoch: 44, loss: 0.2912, accuracy: 0.9375
epoch: 44, loss: 0.2223, accuracy: 0.9500
epoch: 44, loss: 0.1766, accuracy: 0.9542
epoch: 44, loss: 0.2769, accuracy: 0.9563
epoch: 44, loss: 0.2946, accuracy: 0.9499
epoch: 45, loss: 0.2332, accuracy: 0.9500
epoch: 45, loss: 0.1910, accuracy: 0.9594
epoch: 45, loss: 0.1516, accuracy: 0.9646
epoch: 45, loss: 0.2279, accuracy: 0.9672
epoch: 45, loss: 0.2357, accuracy: 0.9666
epoch: 46, loss: 0.1804, accuracy: 0.9688
epoch: 46, loss: 0.1564, accuracy: 0.9656
epoch: 46, loss: 0.1497, accuracy: 0.9667
epoch: 46, loss: 0.1850, accuracy: 0.9672
epoch: 46, loss: 0.1773, accuracy: 0.9679
epoch: 47, loss: 0.1561, accuracy: 0.9875
epoch: 47, loss: 0.1165, accuracy: 0.9844
epoch: 47, loss: 0.1028, accuracy: 0.9854
epoch: 47, loss: 0.1842, accuracy: 0.9797
epoch: 47, loss: 0.1646, accuracy: 0.9782
epoch: 48, loss: 0.1267, accuracy: 0.9688
epoch: 48, loss: 0.0939, accuracy: 0.9844
epoch: 48, loss: 0.0865, accuracy: 0.9854
epoch: 48, loss: 0.1591, accuracy: 0.9828
epoch: 48, loss: 0.1399, accuracy: 0.9820
epoch: 49, loss: 0.1221, accuracy: 0.9688
epoch: 49, loss: 0.0784, accuracy: 0.9812
epoch: 49, loss: 0.0755, accuracy: 0.9854
epoch: 49, loss: 0.1288, accuracy: 0.9812
epoch: 49, loss: 0.1345, accuracy: 0.9795
epoch: 50, loss: 0.1174, accuracy: 0.9875
epoch: 50, loss: 0.0899, accuracy: 0.9906
epoch: 50, loss: 0.0800, accuracy: 0.9917
epoch: 50, loss: 0.1218, accuracy: 0.9891
epoch: 50, loss: 0.1329, accuracy: 0.9846
