epoch: 1, loss: 3.9665, accuracy: 0.0000
epoch: 1, loss: 3.9974, accuracy: 0.0000
epoch: 1, loss: 4.0253, accuracy: 0.0000
epoch: 1, loss: 3.9949, accuracy: 0.0000
epoch: 1, loss: 3.3726, accuracy: 0.0000
epoch: 2, loss: 4.9220, accuracy: 0.0000
epoch: 2, loss: 4.0351, accuracy: 0.0000
epoch: 2, loss: 3.9563, accuracy: 0.0000
epoch: 2, loss: 3.8626, accuracy: 0.0000
epoch: 2, loss: 3.0459, accuracy: 0.0013
epoch: 3, loss: 4.2040, accuracy: 0.0000
epoch: 3, loss: 3.7835, accuracy: 0.0031
epoch: 3, loss: 3.8653, accuracy: 0.0021
epoch: 3, loss: 3.8174, accuracy: 0.0063
epoch: 3, loss: 3.2086, accuracy: 0.0128
epoch: 4, loss: 3.7607, accuracy: 0.0188
epoch: 4, loss: 3.8921, accuracy: 0.0188
epoch: 4, loss: 3.9082, accuracy: 0.0167
epoch: 4, loss: 3.6380, accuracy: 0.0141
epoch: 4, loss: 3.4685, accuracy: 0.0128
epoch: 5, loss: 3.8761, accuracy: 0.0250
epoch: 5, loss: 3.8685, accuracy: 0.0156
epoch: 5, loss: 4.1348, accuracy: 0.0188
epoch: 5, loss: 3.9728, accuracy: 0.0188
epoch: 5, loss: 3.6498, accuracy: 0.0231
epoch: 6, loss: 3.9602, accuracy: 0.0188
epoch: 6, loss: 3.9840, accuracy: 0.0312
epoch: 6, loss: 4.1218, accuracy: 0.0271
epoch: 6, loss: 4.1037, accuracy: 0.0234
epoch: 6, loss: 3.6605, accuracy: 0.0193
epoch: 7, loss: 3.9104, accuracy: 0.0125
epoch: 7, loss: 3.9229, accuracy: 0.0125
epoch: 7, loss: 3.9842, accuracy: 0.0125
epoch: 7, loss: 3.9557, accuracy: 0.0156
epoch: 7, loss: 3.5706, accuracy: 0.0180
epoch: 8, loss: 3.8843, accuracy: 0.0312
epoch: 8, loss: 3.8968, accuracy: 0.0312
epoch: 8, loss: 3.9907, accuracy: 0.0208
epoch: 8, loss: 3.9654, accuracy: 0.0219
epoch: 8, loss: 3.5934, accuracy: 0.0193
epoch: 9, loss: 3.9888, accuracy: 0.0063
epoch: 9, loss: 3.9534, accuracy: 0.0156
epoch: 9, loss: 3.9550, accuracy: 0.0104
epoch: 9, loss: 3.9665, accuracy: 0.0141
epoch: 9, loss: 3.5804, accuracy: 0.0128
epoch: 10, loss: 3.9747, accuracy: 0.0063
epoch: 10, loss: 3.9481, accuracy: 0.0188
epoch: 10, loss: 3.9515, accuracy: 0.0146
epoch: 10, loss: 3.9594, accuracy: 0.0125
epoch: 10, loss: 3.5773, accuracy: 0.0116
epoch: 11, loss: 3.9620, accuracy: 0.0063
epoch: 11, loss: 3.9382, accuracy: 0.0188
epoch: 11, loss: 3.9501, accuracy: 0.0146
epoch: 11, loss: 3.9570, accuracy: 0.0141
epoch: 11, loss: 3.5736, accuracy: 0.0154
epoch: 12, loss: 3.9514, accuracy: 0.0250
epoch: 12, loss: 3.9275, accuracy: 0.0437
epoch: 12, loss: 3.9458, accuracy: 0.0312
epoch: 12, loss: 3.9518, accuracy: 0.0266
epoch: 12, loss: 3.5690, accuracy: 0.0282
epoch: 13, loss: 3.9388, accuracy: 0.0437
epoch: 13, loss: 3.9111, accuracy: 0.0656
epoch: 13, loss: 3.9318, accuracy: 0.0542
epoch: 13, loss: 3.9396, accuracy: 0.0453
epoch: 13, loss: 3.5585, accuracy: 0.0449
epoch: 14, loss: 3.9118, accuracy: 0.0375
epoch: 14, loss: 3.8626, accuracy: 0.0719
epoch: 14, loss: 3.8390, accuracy: 0.0479
epoch: 14, loss: 3.8914, accuracy: 0.0406
epoch: 14, loss: 3.4805, accuracy: 0.0334
epoch: 15, loss: 3.8939, accuracy: 0.0000
epoch: 15, loss: 3.8404, accuracy: 0.0031
epoch: 15, loss: 3.6782, accuracy: 0.0125
epoch: 15, loss: 3.8494, accuracy: 0.0172
epoch: 15, loss: 3.5145, accuracy: 0.0154
epoch: 16, loss: 3.8159, accuracy: 0.0250
epoch: 16, loss: 3.6456, accuracy: 0.0906
epoch: 16, loss: 3.9978, accuracy: 0.0708
epoch: 16, loss: 3.9592, accuracy: 0.0766
epoch: 16, loss: 3.5583, accuracy: 0.0629
epoch: 17, loss: 3.8904, accuracy: 0.0000
epoch: 17, loss: 3.8101, accuracy: 0.0437
epoch: 17, loss: 3.8635, accuracy: 0.0396
epoch: 17, loss: 3.8227, accuracy: 0.0375
epoch: 17, loss: 3.6204, accuracy: 0.0308
epoch: 18, loss: 3.7025, accuracy: 0.1063
epoch: 18, loss: 3.7089, accuracy: 0.1031
epoch: 18, loss: 3.8624, accuracy: 0.0750
epoch: 18, loss: 3.7626, accuracy: 0.0609
epoch: 18, loss: 3.5520, accuracy: 0.0526
epoch: 19, loss: 3.5887, accuracy: 0.0625
epoch: 19, loss: 3.7061, accuracy: 0.0719
epoch: 19, loss: 3.7630, accuracy: 0.0479
epoch: 19, loss: 3.5252, accuracy: 0.0547
epoch: 19, loss: 3.6067, accuracy: 0.0475
epoch: 20, loss: 3.8754, accuracy: 0.0125
epoch: 20, loss: 3.6584, accuracy: 0.0594
epoch: 20, loss: 3.6798, accuracy: 0.0396
epoch: 20, loss: 3.9602, accuracy: 0.0328
epoch: 20, loss: 3.4305, accuracy: 0.0334
epoch: 21, loss: 3.7344, accuracy: 0.0125
epoch: 21, loss: 3.7421, accuracy: 0.0188
epoch: 21, loss: 3.6178, accuracy: 0.0229
epoch: 21, loss: 3.6950, accuracy: 0.0312
epoch: 21, loss: 3.4233, accuracy: 0.0270
epoch: 22, loss: 3.5109, accuracy: 0.0250
epoch: 22, loss: 3.2644, accuracy: 0.0812
epoch: 22, loss: 3.5687, accuracy: 0.0542
epoch: 22, loss: 3.4968, accuracy: 0.0516
epoch: 22, loss: 3.3901, accuracy: 0.0449
epoch: 23, loss: 3.4120, accuracy: 0.0375
epoch: 23, loss: 3.1584, accuracy: 0.0719
epoch: 23, loss: 3.6582, accuracy: 0.0604
epoch: 23, loss: 3.4565, accuracy: 0.0500
epoch: 23, loss: 3.3939, accuracy: 0.0411
epoch: 24, loss: 3.1566, accuracy: 0.1625
epoch: 24, loss: 3.3339, accuracy: 0.1312
epoch: 24, loss: 3.2062, accuracy: 0.1167
epoch: 24, loss: 3.1892, accuracy: 0.1219
epoch: 24, loss: 3.2830, accuracy: 0.1001
epoch: 25, loss: 3.1995, accuracy: 0.0938
epoch: 25, loss: 2.9887, accuracy: 0.1031
epoch: 25, loss: 2.9512, accuracy: 0.0958
epoch: 25, loss: 2.8607, accuracy: 0.0938
epoch: 25, loss: 3.2475, accuracy: 0.0809
epoch: 26, loss: 2.7732, accuracy: 0.1750
epoch: 26, loss: 3.1823, accuracy: 0.1688
epoch: 26, loss: 3.0297, accuracy: 0.1479
epoch: 26, loss: 2.6347, accuracy: 0.1672
epoch: 26, loss: 3.0382, accuracy: 0.1374
epoch: 27, loss: 2.9419, accuracy: 0.0750
epoch: 27, loss: 2.6096, accuracy: 0.1531
epoch: 27, loss: 2.9124, accuracy: 0.1583
epoch: 27, loss: 3.0119, accuracy: 0.1547
epoch: 27, loss: 2.8046, accuracy: 0.1489
epoch: 28, loss: 3.2233, accuracy: 0.0562
epoch: 28, loss: 2.5903, accuracy: 0.1344
epoch: 28, loss: 2.7556, accuracy: 0.1750
epoch: 28, loss: 3.2648, accuracy: 0.1500
epoch: 28, loss: 2.8267, accuracy: 0.1335
epoch: 29, loss: 2.7799, accuracy: 0.2250
epoch: 29, loss: 2.6567, accuracy: 0.2062
epoch: 29, loss: 2.4330, accuracy: 0.2271
epoch: 29, loss: 2.5520, accuracy: 0.2281
epoch: 29, loss: 2.7488, accuracy: 0.1964
epoch: 30, loss: 2.3587, accuracy: 0.3750
epoch: 30, loss: 2.2778, accuracy: 0.3438
epoch: 30, loss: 1.7817, accuracy: 0.4083
epoch: 30, loss: 2.2464, accuracy: 0.3750
epoch: 30, loss: 2.4817, accuracy: 0.3273
epoch: 31, loss: 1.8525, accuracy: 0.4625
epoch: 31, loss: 2.0401, accuracy: 0.4156
epoch: 31, loss: 1.5800, accuracy: 0.4750
epoch: 31, loss: 2.4394, accuracy: 0.4219
epoch: 31, loss: 2.2344, accuracy: 0.3774
epoch: 32, loss: 1.8830, accuracy: 0.3750
epoch: 32, loss: 1.5458, accuracy: 0.4281
epoch: 32, loss: 1.4976, accuracy: 0.5083
epoch: 32, loss: 1.9936, accuracy: 0.4938
epoch: 32, loss: 2.1185, accuracy: 0.4390
epoch: 33, loss: 1.3624, accuracy: 0.6812
epoch: 33, loss: 1.3525, accuracy: 0.6531
epoch: 33, loss: 1.2019, accuracy: 0.6646
epoch: 33, loss: 1.5075, accuracy: 0.6391
epoch: 33, loss: 1.6531, accuracy: 0.6059
epoch: 34, loss: 1.2463, accuracy: 0.6750
epoch: 34, loss: 1.2612, accuracy: 0.6375
epoch: 34, loss: 0.8770, accuracy: 0.7063
epoch: 34, loss: 1.3477, accuracy: 0.6781
epoch: 34, loss: 1.3549, accuracy: 0.6534
epoch: 35, loss: 1.2658, accuracy: 0.6750
epoch: 35, loss: 0.8166, accuracy: 0.7063
epoch: 35, loss: 0.7726, accuracy: 0.7458
epoch: 35, loss: 0.9239, accuracy: 0.7578
epoch: 35, loss: 1.1524, accuracy: 0.7471
epoch: 36, loss: 1.0228, accuracy: 0.7312
epoch: 36, loss: 0.7363, accuracy: 0.7437
epoch: 36, loss: 0.6321, accuracy: 0.7917
epoch: 36, loss: 0.8802, accuracy: 0.7969
epoch: 36, loss: 1.1763, accuracy: 0.7548
epoch: 37, loss: 0.7444, accuracy: 0.8062
epoch: 37, loss: 0.6446, accuracy: 0.8156
epoch: 37, loss: 0.4124, accuracy: 0.8646
epoch: 37, loss: 0.7999, accuracy: 0.8578
epoch: 37, loss: 0.8310, accuracy: 0.8203
epoch: 38, loss: 0.4815, accuracy: 0.9187
epoch: 38, loss: 0.5511, accuracy: 0.8844
epoch: 38, loss: 0.3409, accuracy: 0.9083
epoch: 38, loss: 0.5642, accuracy: 0.9047
epoch: 38, loss: 0.6553, accuracy: 0.9024
epoch: 39, loss: 0.4870, accuracy: 0.8875
epoch: 39, loss: 0.3384, accuracy: 0.9250
epoch: 39, loss: 0.2955, accuracy: 0.9417
epoch: 39, loss: 0.3788, accuracy: 0.9391
epoch: 39, loss: 0.5667, accuracy: 0.9204
epoch: 40, loss: 0.3291, accuracy: 0.9375
epoch: 40, loss: 0.2480, accuracy: 0.9438
epoch: 40, loss: 0.1818, accuracy: 0.9604
epoch: 40, loss: 0.2838, accuracy: 0.9594
epoch: 40, loss: 0.4376, accuracy: 0.9358
epoch: 41, loss: 0.2954, accuracy: 0.9062
epoch: 41, loss: 0.2009, accuracy: 0.9438
epoch: 41, loss: 0.1805, accuracy: 0.9563
epoch: 41, loss: 0.2145, accuracy: 0.9594
epoch: 41, loss: 0.3213, accuracy: 0.9564
epoch: 42, loss: 0.2026, accuracy: 0.9750
epoch: 42, loss: 0.3032, accuracy: 0.9438
epoch: 42, loss: 0.2357, accuracy: 0.9521
epoch: 42, loss: 0.6024, accuracy: 0.9109
epoch: 42, loss: 0.4058, accuracy: 0.9050
epoch: 43, loss: 1.2486, accuracy: 0.7688
epoch: 43, loss: 1.1449, accuracy: 0.7812
epoch: 43, loss: 0.6661, accuracy: 0.7917
epoch: 43, loss: 1.8346, accuracy: 0.7375
epoch: 43, loss: 0.5835, accuracy: 0.7651
epoch: 44, loss: 1.1958, accuracy: 0.6500
epoch: 44, loss: 0.8279, accuracy: 0.7031
epoch: 44, loss: 0.3314, accuracy: 0.7833
epoch: 44, loss: 1.3164, accuracy: 0.7703
epoch: 44, loss: 0.5915, accuracy: 0.7920
epoch: 45, loss: 0.5796, accuracy: 0.8750
epoch: 45, loss: 0.4136, accuracy: 0.8969
epoch: 45, loss: 0.3459, accuracy: 0.9208
epoch: 45, loss: 0.6053, accuracy: 0.9031
epoch: 45, loss: 0.3457, accuracy: 0.9191
epoch: 46, loss: 0.3748, accuracy: 0.9375
epoch: 46, loss: 0.3252, accuracy: 0.9563
epoch: 46, loss: 0.1959, accuracy: 0.9604
epoch: 46, loss: 0.2822, accuracy: 0.9594
epoch: 46, loss: 0.4530, accuracy: 0.9487
epoch: 47, loss: 0.2630, accuracy: 0.9438
epoch: 47, loss: 0.1501, accuracy: 0.9625
epoch: 47, loss: 0.1337, accuracy: 0.9729
epoch: 47, loss: 0.2143, accuracy: 0.9750
epoch: 47, loss: 0.1972, accuracy: 0.9756
epoch: 48, loss: 0.1416, accuracy: 0.9875
epoch: 48, loss: 0.1018, accuracy: 0.9937
epoch: 48, loss: 0.0923, accuracy: 0.9937
epoch: 48, loss: 0.1492, accuracy: 0.9937
epoch: 48, loss: 0.1379, accuracy: 0.9910
epoch: 49, loss: 0.1136, accuracy: 0.9937
epoch: 49, loss: 0.0824, accuracy: 0.9937
epoch: 49, loss: 0.0931, accuracy: 0.9917
epoch: 49, loss: 0.1241, accuracy: 0.9891
epoch: 49, loss: 0.1128, accuracy: 0.9897
epoch: 50, loss: 0.1235, accuracy: 0.9750
epoch: 50, loss: 0.0701, accuracy: 0.9875
epoch: 50, loss: 0.0769, accuracy: 0.9896
epoch: 50, loss: 0.1112, accuracy: 0.9891
epoch: 50, loss: 0.1074, accuracy: 0.9884
