epoch: 1, loss: 3.9473, accuracy: 0.0000
epoch: 1, loss: 4.0173, accuracy: 0.0000
epoch: 1, loss: 4.0386, accuracy: 0.0000
epoch: 1, loss: 4.0183, accuracy: 0.0000
epoch: 1, loss: 3.4371, accuracy: 0.0000
epoch: 2, loss: 4.7600, accuracy: 0.0000
epoch: 2, loss: 3.9919, accuracy: 0.0000
epoch: 2, loss: 3.9270, accuracy: 0.0000
epoch: 2, loss: 3.8802, accuracy: 0.0000
epoch: 2, loss: 3.1024, accuracy: 0.0000
epoch: 3, loss: 3.9757, accuracy: 0.0063
epoch: 3, loss: 3.8366, accuracy: 0.0031
epoch: 3, loss: 3.9932, accuracy: 0.0042
epoch: 3, loss: 3.8296, accuracy: 0.0047
epoch: 3, loss: 3.3192, accuracy: 0.0116
epoch: 4, loss: 3.9479, accuracy: 0.0125
epoch: 4, loss: 3.8567, accuracy: 0.0156
epoch: 4, loss: 3.8249, accuracy: 0.0188
epoch: 4, loss: 3.8490, accuracy: 0.0141
epoch: 4, loss: 3.5633, accuracy: 0.0141
epoch: 5, loss: 3.8229, accuracy: 0.0250
epoch: 5, loss: 3.9116, accuracy: 0.0156
epoch: 5, loss: 4.0746, accuracy: 0.0146
epoch: 5, loss: 3.9811, accuracy: 0.0141
epoch: 5, loss: 3.3613, accuracy: 0.0141
epoch: 6, loss: 3.8409, accuracy: 0.0125
epoch: 6, loss: 3.9204, accuracy: 0.0125
epoch: 6, loss: 3.9671, accuracy: 0.0083
epoch: 6, loss: 3.8246, accuracy: 0.0156
epoch: 6, loss: 3.5872, accuracy: 0.0205
epoch: 7, loss: 3.8107, accuracy: 0.0063
epoch: 7, loss: 3.8757, accuracy: 0.0188
epoch: 7, loss: 3.8479, accuracy: 0.0271
epoch: 7, loss: 3.7720, accuracy: 0.0312
epoch: 7, loss: 3.5959, accuracy: 0.0334
epoch: 8, loss: 3.8435, accuracy: 0.0188
epoch: 8, loss: 3.8340, accuracy: 0.0219
epoch: 8, loss: 3.8911, accuracy: 0.0250
epoch: 8, loss: 3.8789, accuracy: 0.0250
epoch: 8, loss: 3.6191, accuracy: 0.0270
epoch: 9, loss: 3.9297, accuracy: 0.0125
epoch: 9, loss: 3.9392, accuracy: 0.0344
epoch: 9, loss: 3.9789, accuracy: 0.0312
epoch: 9, loss: 3.9562, accuracy: 0.0266
epoch: 9, loss: 3.5859, accuracy: 0.0218
epoch: 10, loss: 3.9279, accuracy: 0.0250
epoch: 10, loss: 3.9525, accuracy: 0.0219
epoch: 10, loss: 4.0114, accuracy: 0.0146
epoch: 10, loss: 3.9847, accuracy: 0.0109
epoch: 10, loss: 3.5779, accuracy: 0.0090
epoch: 11, loss: 3.9177, accuracy: 0.0750
epoch: 11, loss: 3.9363, accuracy: 0.0562
epoch: 11, loss: 3.9924, accuracy: 0.0375
epoch: 11, loss: 3.9654, accuracy: 0.0297
epoch: 11, loss: 3.5712, accuracy: 0.0244
epoch: 12, loss: 3.9142, accuracy: 0.0500
epoch: 12, loss: 3.9218, accuracy: 0.0656
epoch: 12, loss: 3.9758, accuracy: 0.0437
epoch: 12, loss: 3.9340, accuracy: 0.0422
epoch: 12, loss: 3.5573, accuracy: 0.0347
epoch: 13, loss: 3.8957, accuracy: 0.0188
epoch: 13, loss: 3.8624, accuracy: 0.0375
epoch: 13, loss: 3.9339, accuracy: 0.0312
epoch: 13, loss: 3.7770, accuracy: 0.0250
epoch: 13, loss: 3.5510, accuracy: 0.0205
epoch: 14, loss: 3.8543, accuracy: 0.0000
epoch: 14, loss: 3.8302, accuracy: 0.0031
epoch: 14, loss: 3.9380, accuracy: 0.0063
epoch: 14, loss: 3.5377, accuracy: 0.0078
epoch: 14, loss: 3.4960, accuracy: 0.0064
epoch: 15, loss: 3.6434, accuracy: 0.0125
epoch: 15, loss: 3.8404, accuracy: 0.0125
epoch: 15, loss: 3.9935, accuracy: 0.0083
epoch: 15, loss: 3.6360, accuracy: 0.0125
epoch: 15, loss: 3.1371, accuracy: 0.0180
epoch: 16, loss: 4.0837, accuracy: 0.0250
epoch: 16, loss: 3.7619, accuracy: 0.0219
epoch: 16, loss: 3.7181, accuracy: 0.0146
epoch: 16, loss: 3.8106, accuracy: 0.0125
epoch: 16, loss: 3.4545, accuracy: 0.0141
epoch: 17, loss: 3.8012, accuracy: 0.0312
epoch: 17, loss: 3.9723, accuracy: 0.0156
epoch: 17, loss: 4.2546, accuracy: 0.0125
epoch: 17, loss: 3.8398, accuracy: 0.0203
epoch: 17, loss: 3.5758, accuracy: 0.0167
epoch: 18, loss: 3.7871, accuracy: 0.0875
epoch: 18, loss: 3.8493, accuracy: 0.0562
epoch: 18, loss: 3.8065, accuracy: 0.0375
epoch: 18, loss: 4.0467, accuracy: 0.0422
epoch: 18, loss: 3.5121, accuracy: 0.0385
epoch: 19, loss: 3.6920, accuracy: 0.0063
epoch: 19, loss: 3.8038, accuracy: 0.0250
epoch: 19, loss: 3.9443, accuracy: 0.0292
epoch: 19, loss: 3.5352, accuracy: 0.0516
epoch: 19, loss: 3.6060, accuracy: 0.0449
epoch: 20, loss: 3.6832, accuracy: 0.0250
epoch: 20, loss: 3.4733, accuracy: 0.0250
epoch: 20, loss: 3.7831, accuracy: 0.0271
epoch: 20, loss: 3.7175, accuracy: 0.0391
epoch: 20, loss: 3.3139, accuracy: 0.0501
epoch: 21, loss: 3.7615, accuracy: 0.0063
epoch: 21, loss: 3.7450, accuracy: 0.0156
epoch: 21, loss: 3.7090, accuracy: 0.0271
epoch: 21, loss: 3.5587, accuracy: 0.0453
epoch: 21, loss: 3.5593, accuracy: 0.0385
epoch: 22, loss: 3.4930, accuracy: 0.1312
epoch: 22, loss: 3.4844, accuracy: 0.1781
epoch: 22, loss: 3.4517, accuracy: 0.1292
epoch: 22, loss: 3.6019, accuracy: 0.0984
epoch: 22, loss: 3.3308, accuracy: 0.0873
epoch: 23, loss: 3.3897, accuracy: 0.1063
epoch: 23, loss: 3.3272, accuracy: 0.0938
epoch: 23, loss: 3.2518, accuracy: 0.0708
epoch: 23, loss: 3.1631, accuracy: 0.0766
epoch: 23, loss: 3.1755, accuracy: 0.0680
epoch: 24, loss: 3.2863, accuracy: 0.0875
epoch: 24, loss: 3.2699, accuracy: 0.0812
epoch: 24, loss: 3.0256, accuracy: 0.0896
epoch: 24, loss: 2.9803, accuracy: 0.0688
epoch: 24, loss: 3.0118, accuracy: 0.0591
epoch: 25, loss: 3.0931, accuracy: 0.0500
epoch: 25, loss: 3.1425, accuracy: 0.0375
epoch: 25, loss: 2.8114, accuracy: 0.0708
epoch: 25, loss: 2.9793, accuracy: 0.0578
epoch: 25, loss: 2.9135, accuracy: 0.0578
epoch: 26, loss: 2.9896, accuracy: 0.0250
epoch: 26, loss: 2.9597, accuracy: 0.0938
epoch: 26, loss: 2.5335, accuracy: 0.1729
epoch: 26, loss: 2.9586, accuracy: 0.1734
epoch: 26, loss: 2.6692, accuracy: 0.1707
epoch: 27, loss: 3.4398, accuracy: 0.1000
epoch: 27, loss: 3.0882, accuracy: 0.0938
epoch: 27, loss: 2.3294, accuracy: 0.1458
epoch: 27, loss: 3.0045, accuracy: 0.1281
epoch: 27, loss: 2.6019, accuracy: 0.1335
epoch: 28, loss: 2.7690, accuracy: 0.1187
epoch: 28, loss: 2.9726, accuracy: 0.1281
epoch: 28, loss: 2.5154, accuracy: 0.2062
epoch: 28, loss: 2.8382, accuracy: 0.1844
epoch: 28, loss: 2.7111, accuracy: 0.1630
epoch: 29, loss: 2.3343, accuracy: 0.2812
epoch: 29, loss: 2.3828, accuracy: 0.2656
epoch: 29, loss: 1.9651, accuracy: 0.3562
epoch: 29, loss: 2.4405, accuracy: 0.3484
epoch: 29, loss: 2.1300, accuracy: 0.3415
epoch: 30, loss: 2.2403, accuracy: 0.1625
epoch: 30, loss: 2.0894, accuracy: 0.2594
epoch: 30, loss: 1.8821, accuracy: 0.3333
epoch: 30, loss: 2.3521, accuracy: 0.3219
epoch: 30, loss: 2.0709, accuracy: 0.3145
epoch: 31, loss: 1.9210, accuracy: 0.3125
epoch: 31, loss: 1.7006, accuracy: 0.4000
epoch: 31, loss: 1.3429, accuracy: 0.4625
epoch: 31, loss: 1.8517, accuracy: 0.4500
epoch: 31, loss: 1.9047, accuracy: 0.4236
epoch: 32, loss: 1.6805, accuracy: 0.4187
epoch: 32, loss: 1.7289, accuracy: 0.3906
epoch: 32, loss: 1.2194, accuracy: 0.4667
epoch: 32, loss: 1.7847, accuracy: 0.4344
epoch: 32, loss: 1.7320, accuracy: 0.4339
epoch: 33, loss: 1.8231, accuracy: 0.2688
epoch: 33, loss: 1.6458, accuracy: 0.3500
epoch: 33, loss: 0.9490, accuracy: 0.5063
epoch: 33, loss: 1.9905, accuracy: 0.4484
epoch: 33, loss: 1.3651, accuracy: 0.4647
epoch: 34, loss: 1.4602, accuracy: 0.6125
epoch: 34, loss: 1.3874, accuracy: 0.5500
epoch: 34, loss: 0.7936, accuracy: 0.6500
epoch: 34, loss: 2.2987, accuracy: 0.5375
epoch: 34, loss: 1.4255, accuracy: 0.5456
epoch: 35, loss: 1.5436, accuracy: 0.5000
epoch: 35, loss: 1.1857, accuracy: 0.5844
epoch: 35, loss: 0.8520, accuracy: 0.6417
epoch: 35, loss: 1.3567, accuracy: 0.6422
epoch: 35, loss: 1.3273, accuracy: 0.6200
epoch: 36, loss: 1.0961, accuracy: 0.7063
epoch: 36, loss: 1.3441, accuracy: 0.6219
epoch: 36, loss: 1.2043, accuracy: 0.6354
epoch: 36, loss: 1.2981, accuracy: 0.6156
epoch: 36, loss: 1.3376, accuracy: 0.5828
epoch: 37, loss: 1.1697, accuracy: 0.6000
epoch: 37, loss: 0.9024, accuracy: 0.6219
epoch: 37, loss: 0.6099, accuracy: 0.7271
epoch: 37, loss: 0.8987, accuracy: 0.7406
epoch: 37, loss: 0.7341, accuracy: 0.7535
epoch: 38, loss: 0.7881, accuracy: 0.8000
epoch: 38, loss: 0.7419, accuracy: 0.7688
epoch: 38, loss: 0.3660, accuracy: 0.8292
epoch: 38, loss: 0.6879, accuracy: 0.8500
epoch: 38, loss: 0.5846, accuracy: 0.8460
epoch: 39, loss: 0.6343, accuracy: 0.8375
epoch: 39, loss: 0.6206, accuracy: 0.8188
epoch: 39, loss: 0.2999, accuracy: 0.8646
epoch: 39, loss: 0.4999, accuracy: 0.8828
epoch: 39, loss: 0.4662, accuracy: 0.8780
epoch: 40, loss: 0.6694, accuracy: 0.7625
epoch: 40, loss: 0.3961, accuracy: 0.8125
epoch: 40, loss: 0.2438, accuracy: 0.8646
epoch: 40, loss: 0.3991, accuracy: 0.8906
epoch: 40, loss: 0.3449, accuracy: 0.9012
epoch: 41, loss: 0.4133, accuracy: 0.9187
epoch: 41, loss: 0.3448, accuracy: 0.9125
epoch: 41, loss: 0.2184, accuracy: 0.9354
epoch: 41, loss: 0.3218, accuracy: 0.9422
epoch: 41, loss: 0.2640, accuracy: 0.9448
epoch: 42, loss: 0.3248, accuracy: 0.9187
epoch: 42, loss: 0.2459, accuracy: 0.9375
epoch: 42, loss: 0.1734, accuracy: 0.9500
epoch: 42, loss: 0.2811, accuracy: 0.9531
epoch: 42, loss: 0.2140, accuracy: 0.9551
epoch: 43, loss: 0.2523, accuracy: 0.9500
epoch: 43, loss: 0.1957, accuracy: 0.9656
epoch: 43, loss: 0.1494, accuracy: 0.9688
epoch: 43, loss: 0.2286, accuracy: 0.9703
epoch: 43, loss: 0.1877, accuracy: 0.9705
epoch: 44, loss: 0.1986, accuracy: 0.9750
epoch: 44, loss: 0.1670, accuracy: 0.9781
epoch: 44, loss: 0.1179, accuracy: 0.9812
epoch: 44, loss: 0.2213, accuracy: 0.9750
epoch: 44, loss: 0.1665, accuracy: 0.9730
epoch: 45, loss: 0.1675, accuracy: 0.9688
epoch: 45, loss: 0.1520, accuracy: 0.9750
epoch: 45, loss: 0.1034, accuracy: 0.9792
epoch: 45, loss: 0.1821, accuracy: 0.9750
epoch: 45, loss: 0.1514, accuracy: 0.9743
epoch: 46, loss: 0.1664, accuracy: 0.9750
epoch: 46, loss: 0.1218, accuracy: 0.9781
epoch: 46, loss: 0.1082, accuracy: 0.9792
epoch: 46, loss: 0.1581, accuracy: 0.9750
epoch: 46, loss: 0.1449, accuracy: 0.9756
epoch: 47, loss: 0.1637, accuracy: 0.9563
epoch: 47, loss: 0.1063, accuracy: 0.9719
epoch: 47, loss: 0.0927, accuracy: 0.9771
epoch: 47, loss: 0.1334, accuracy: 0.9766
epoch: 47, loss: 0.1229, accuracy: 0.9756
epoch: 48, loss: 0.1307, accuracy: 0.9688
epoch: 48, loss: 0.0891, accuracy: 0.9812
epoch: 48, loss: 0.0967, accuracy: 0.9833
epoch: 48, loss: 0.1210, accuracy: 0.9844
epoch: 48, loss: 0.1181, accuracy: 0.9820
epoch: 49, loss: 0.1052, accuracy: 0.9937
epoch: 49, loss: 0.0785, accuracy: 0.9937
epoch: 49, loss: 0.0991, accuracy: 0.9896
epoch: 49, loss: 0.1215, accuracy: 0.9859
epoch: 49, loss: 0.1237, accuracy: 0.9820
epoch: 50, loss: 0.0969, accuracy: 0.9875
epoch: 50, loss: 0.0838, accuracy: 0.9875
epoch: 50, loss: 0.0784, accuracy: 0.9854
epoch: 50, loss: 0.1478, accuracy: 0.9797
epoch: 50, loss: 0.1243, accuracy: 0.9795
epoch: 51, loss: 0.1843, accuracy: 0.9563
epoch: 51, loss: 0.3574, accuracy: 0.9187
epoch: 51, loss: 0.0912, accuracy: 0.9417
epoch: 51, loss: 0.1626, accuracy: 0.9484
epoch: 51, loss: 1.0779, accuracy: 0.8922
epoch: 52, loss: 0.9749, accuracy: 0.7250
epoch: 52, loss: 0.5647, accuracy: 0.7250
epoch: 52, loss: 0.5394, accuracy: 0.7833
epoch: 52, loss: 0.7305, accuracy: 0.7812
epoch: 52, loss: 0.9461, accuracy: 0.7548
epoch: 53, loss: 0.8612, accuracy: 0.7312
epoch: 53, loss: 0.8113, accuracy: 0.7406
epoch: 53, loss: 0.1592, accuracy: 0.8188
epoch: 53, loss: 0.8611, accuracy: 0.8016
epoch: 53, loss: 0.4650, accuracy: 0.8100
epoch: 54, loss: 0.5513, accuracy: 0.8562
epoch: 54, loss: 0.3164, accuracy: 0.8656
epoch: 54, loss: 0.1789, accuracy: 0.8938
epoch: 54, loss: 0.2761, accuracy: 0.9094
epoch: 54, loss: 0.2770, accuracy: 0.9063
epoch: 55, loss: 0.1713, accuracy: 0.9625
epoch: 55, loss: 0.1199, accuracy: 0.9688
epoch: 55, loss: 0.0935, accuracy: 0.9708
epoch: 55, loss: 0.1525, accuracy: 0.9750
epoch: 55, loss: 0.1825, accuracy: 0.9743
epoch: 56, loss: 0.1342, accuracy: 0.9875
epoch: 56, loss: 0.0847, accuracy: 0.9906
epoch: 56, loss: 0.0774, accuracy: 0.9896
epoch: 56, loss: 0.1076, accuracy: 0.9891
epoch: 56, loss: 0.1096, accuracy: 0.9884
epoch: 57, loss: 0.1021, accuracy: 0.9812
epoch: 57, loss: 0.0655, accuracy: 0.9906
epoch: 57, loss: 0.0540, accuracy: 0.9937
epoch: 57, loss: 0.0897, accuracy: 0.9937
epoch: 57, loss: 0.0797, accuracy: 0.9949
epoch: 58, loss: 0.0921, accuracy: 0.9812
epoch: 58, loss: 0.0587, accuracy: 0.9906
epoch: 58, loss: 0.0508, accuracy: 0.9896
epoch: 58, loss: 0.0774, accuracy: 0.9891
epoch: 58, loss: 0.0675, accuracy: 0.9910
epoch: 59, loss: 0.0804, accuracy: 0.9875
epoch: 59, loss: 0.0528, accuracy: 0.9937
epoch: 59, loss: 0.0479, accuracy: 0.9937
epoch: 59, loss: 0.0778, accuracy: 0.9922
epoch: 59, loss: 0.0611, accuracy: 0.9936
epoch: 60, loss: 0.0686, accuracy: 0.9937
epoch: 60, loss: 0.0470, accuracy: 0.9969
epoch: 60, loss: 0.0410, accuracy: 0.9979
epoch: 60, loss: 0.0721, accuracy: 0.9953
epoch: 60, loss: 0.0605, accuracy: 0.9949
epoch: 61, loss: 0.0609, accuracy: 0.9937
epoch: 61, loss: 0.0425, accuracy: 0.9969
epoch: 61, loss: 0.0385, accuracy: 0.9958
epoch: 61, loss: 0.0645, accuracy: 0.9969
epoch: 61, loss: 0.0595, accuracy: 0.9949
epoch: 62, loss: 0.0535, accuracy: 0.9937
epoch: 62, loss: 0.0377, accuracy: 0.9969
epoch: 62, loss: 0.0444, accuracy: 0.9958
epoch: 62, loss: 0.0587, accuracy: 0.9953
epoch: 62, loss: 0.0546, accuracy: 0.9936
epoch: 63, loss: 0.0492, accuracy: 1.0000
epoch: 63, loss: 0.0355, accuracy: 1.0000
epoch: 63, loss: 0.0353, accuracy: 1.0000
epoch: 63, loss: 0.0532, accuracy: 1.0000
epoch: 63, loss: 0.0435, accuracy: 0.9987
epoch: 64, loss: 0.0465, accuracy: 1.0000
epoch: 64, loss: 0.0363, accuracy: 0.9969
epoch: 64, loss: 0.0327, accuracy: 0.9958
epoch: 64, loss: 0.0480, accuracy: 0.9969
epoch: 64, loss: 0.0402, accuracy: 0.9974
epoch: 65, loss: 0.0500, accuracy: 0.9937
epoch: 65, loss: 0.0375, accuracy: 0.9937
epoch: 65, loss: 0.0300, accuracy: 0.9958
epoch: 65, loss: 0.0500, accuracy: 0.9937
epoch: 65, loss: 0.0426, accuracy: 0.9936
epoch: 66, loss: 0.0708, accuracy: 0.9750
epoch: 66, loss: 0.0427, accuracy: 0.9844
epoch: 66, loss: 0.0288, accuracy: 0.9896
epoch: 66, loss: 0.0609, accuracy: 0.9906
epoch: 66, loss: 0.0444, accuracy: 0.9897
epoch: 67, loss: 0.0631, accuracy: 0.9875
epoch: 67, loss: 0.0329, accuracy: 0.9937
epoch: 67, loss: 0.0370, accuracy: 0.9937
epoch: 67, loss: 0.0654, accuracy: 0.9906
epoch: 67, loss: 0.0373, accuracy: 0.9910
epoch: 68, loss: 0.0566, accuracy: 0.9812
epoch: 68, loss: 0.0391, accuracy: 0.9875
epoch: 68, loss: 0.0479, accuracy: 0.9854
epoch: 68, loss: 0.0531, accuracy: 0.9875
epoch: 68, loss: 0.0345, accuracy: 0.9897
epoch: 69, loss: 0.0901, accuracy: 0.9812
epoch: 69, loss: 0.0362, accuracy: 0.9875
epoch: 69, loss: 0.0497, accuracy: 0.9854
epoch: 69, loss: 0.0445, accuracy: 0.9875
epoch: 69, loss: 0.0611, accuracy: 0.9859
epoch: 70, loss: 0.0605, accuracy: 0.9875
epoch: 70, loss: 0.0283, accuracy: 0.9937
epoch: 70, loss: 0.0478, accuracy: 0.9896
epoch: 70, loss: 0.0428, accuracy: 0.9906
epoch: 70, loss: 0.0658, accuracy: 0.9884
epoch: 71, loss: 0.0413, accuracy: 0.9937
epoch: 71, loss: 0.0395, accuracy: 0.9937
epoch: 71, loss: 0.0508, accuracy: 0.9896
epoch: 71, loss: 0.0546, accuracy: 0.9906
epoch: 71, loss: 0.0324, accuracy: 0.9923
epoch: 72, loss: 0.0429, accuracy: 0.9937
epoch: 72, loss: 0.0544, accuracy: 0.9937
epoch: 72, loss: 0.0269, accuracy: 0.9937
epoch: 72, loss: 0.0414, accuracy: 0.9937
epoch: 72, loss: 0.0262, accuracy: 0.9949
epoch: 73, loss: 0.0436, accuracy: 0.9937
epoch: 73, loss: 0.0213, accuracy: 0.9969
epoch: 73, loss: 0.0219, accuracy: 0.9979
epoch: 73, loss: 0.0466, accuracy: 0.9953
epoch: 73, loss: 0.0252, accuracy: 0.9961
epoch: 74, loss: 0.0320, accuracy: 1.0000
epoch: 74, loss: 0.0199, accuracy: 1.0000
epoch: 74, loss: 0.0188, accuracy: 1.0000
epoch: 74, loss: 0.0501, accuracy: 0.9984
epoch: 74, loss: 0.0238, accuracy: 0.9987
epoch: 75, loss: 0.0293, accuracy: 1.0000
epoch: 75, loss: 0.0188, accuracy: 1.0000
epoch: 75, loss: 0.0173, accuracy: 1.0000
epoch: 75, loss: 0.0380, accuracy: 0.9984
epoch: 75, loss: 0.0217, accuracy: 0.9987
epoch: 76, loss: 0.0252, accuracy: 1.0000
epoch: 76, loss: 0.0180, accuracy: 1.0000
epoch: 76, loss: 0.0165, accuracy: 1.0000
epoch: 76, loss: 0.0304, accuracy: 0.9984
epoch: 76, loss: 0.0251, accuracy: 0.9974
epoch: 77, loss: 0.0224, accuracy: 1.0000
epoch: 77, loss: 0.0164, accuracy: 1.0000
epoch: 77, loss: 0.0167, accuracy: 1.0000
epoch: 77, loss: 0.0278, accuracy: 0.9984
epoch: 77, loss: 0.0553, accuracy: 0.9961
epoch: 78, loss: 0.0218, accuracy: 1.0000
epoch: 78, loss: 0.0186, accuracy: 1.0000
epoch: 78, loss: 0.0219, accuracy: 0.9979
epoch: 78, loss: 0.0360, accuracy: 0.9969
epoch: 78, loss: 0.0574, accuracy: 0.9949
epoch: 79, loss: 0.0232, accuracy: 1.0000
epoch: 79, loss: 0.0153, accuracy: 1.0000
epoch: 79, loss: 0.0277, accuracy: 0.9979
epoch: 79, loss: 0.0325, accuracy: 0.9969
epoch: 79, loss: 0.0322, accuracy: 0.9961
epoch: 80, loss: 0.0221, accuracy: 1.0000
epoch: 80, loss: 0.0144, accuracy: 1.0000
epoch: 80, loss: 0.0156, accuracy: 1.0000
epoch: 80, loss: 0.0356, accuracy: 0.9969
epoch: 80, loss: 0.0274, accuracy: 0.9961
epoch: 81, loss: 0.0215, accuracy: 1.0000
epoch: 81, loss: 0.0154, accuracy: 1.0000
epoch: 81, loss: 0.0138, accuracy: 1.0000
epoch: 81, loss: 0.0393, accuracy: 0.9984
epoch: 81, loss: 0.0227, accuracy: 0.9974
epoch: 82, loss: 0.0230, accuracy: 1.0000
epoch: 82, loss: 0.0260, accuracy: 0.9969
epoch: 82, loss: 0.0128, accuracy: 0.9979
epoch: 82, loss: 0.0297, accuracy: 0.9984
epoch: 82, loss: 0.0210, accuracy: 0.9987
epoch: 83, loss: 0.0410, accuracy: 0.9875
epoch: 83, loss: 0.0607, accuracy: 0.9875
epoch: 83, loss: 0.0193, accuracy: 0.9896
epoch: 83, loss: 0.0269, accuracy: 0.9922
epoch: 83, loss: 0.0250, accuracy: 0.9910
epoch: 84, loss: 0.0644, accuracy: 0.9812
epoch: 84, loss: 0.0233, accuracy: 0.9875
epoch: 84, loss: 0.0853, accuracy: 0.9854
epoch: 84, loss: 0.0269, accuracy: 0.9875
epoch: 84, loss: 0.0285, accuracy: 0.9884
epoch: 85, loss: 0.0684, accuracy: 0.9750
epoch: 85, loss: 0.0170, accuracy: 0.9875
epoch: 85, loss: 0.1021, accuracy: 0.9833
epoch: 85, loss: 0.0250, accuracy: 0.9859
epoch: 85, loss: 0.0642, accuracy: 0.9846
epoch: 86, loss: 0.0970, accuracy: 0.9812
epoch: 86, loss: 0.0275, accuracy: 0.9844
epoch: 86, loss: 0.0622, accuracy: 0.9833
epoch: 86, loss: 0.0330, accuracy: 0.9859
epoch: 86, loss: 0.1069, accuracy: 0.9807
epoch: 87, loss: 0.0390, accuracy: 0.9875
epoch: 87, loss: 0.0668, accuracy: 0.9844
epoch: 87, loss: 0.0486, accuracy: 0.9854
epoch: 87, loss: 0.0493, accuracy: 0.9875
epoch: 87, loss: 0.0636, accuracy: 0.9846
epoch: 88, loss: 0.0551, accuracy: 0.9875
epoch: 88, loss: 0.0501, accuracy: 0.9812
epoch: 88, loss: 0.0282, accuracy: 0.9854
epoch: 88, loss: 0.0571, accuracy: 0.9859
epoch: 88, loss: 0.0397, accuracy: 0.9872
epoch: 89, loss: 0.0299, accuracy: 0.9937
epoch: 89, loss: 0.0636, accuracy: 0.9844
epoch: 89, loss: 0.0194, accuracy: 0.9896
epoch: 89, loss: 0.0474, accuracy: 0.9875
epoch: 89, loss: 0.0203, accuracy: 0.9897
epoch: 90, loss: 0.0291, accuracy: 0.9937
epoch: 90, loss: 0.0235, accuracy: 0.9969
epoch: 90, loss: 0.0231, accuracy: 0.9958
epoch: 90, loss: 0.0681, accuracy: 0.9937
epoch: 90, loss: 0.0177, accuracy: 0.9949
epoch: 91, loss: 0.0214, accuracy: 0.9937
epoch: 91, loss: 0.0277, accuracy: 0.9906
epoch: 91, loss: 0.0377, accuracy: 0.9917
epoch: 91, loss: 0.0348, accuracy: 0.9922
epoch: 91, loss: 0.0247, accuracy: 0.9923
epoch: 92, loss: 0.0176, accuracy: 1.0000
epoch: 92, loss: 0.0275, accuracy: 0.9969
epoch: 92, loss: 0.0214, accuracy: 0.9958
epoch: 92, loss: 0.0220, accuracy: 0.9953
epoch: 92, loss: 0.0362, accuracy: 0.9949
epoch: 93, loss: 0.0151, accuracy: 1.0000
epoch: 93, loss: 0.0176, accuracy: 0.9969
epoch: 93, loss: 0.0130, accuracy: 0.9979
epoch: 93, loss: 0.0187, accuracy: 0.9984
epoch: 93, loss: 0.0203, accuracy: 0.9974
epoch: 94, loss: 0.0142, accuracy: 1.0000
epoch: 94, loss: 0.0144, accuracy: 0.9969
epoch: 94, loss: 0.0111, accuracy: 0.9979
epoch: 94, loss: 0.0195, accuracy: 0.9984
epoch: 94, loss: 0.0158, accuracy: 0.9974
epoch: 95, loss: 0.0141, accuracy: 1.0000
epoch: 95, loss: 0.0119, accuracy: 1.0000
epoch: 95, loss: 0.0094, accuracy: 1.0000
epoch: 95, loss: 0.0243, accuracy: 0.9984
epoch: 95, loss: 0.0124, accuracy: 0.9987
epoch: 96, loss: 0.0154, accuracy: 1.0000
epoch: 96, loss: 0.0102, accuracy: 1.0000
epoch: 96, loss: 0.0087, accuracy: 1.0000
epoch: 96, loss: 0.0232, accuracy: 0.9969
epoch: 96, loss: 0.0100, accuracy: 0.9974
epoch: 97, loss: 0.0147, accuracy: 1.0000
epoch: 97, loss: 0.0090, accuracy: 1.0000
epoch: 97, loss: 0.0084, accuracy: 1.0000
epoch: 97, loss: 0.0239, accuracy: 0.9969
epoch: 97, loss: 0.0088, accuracy: 0.9974
epoch: 98, loss: 0.0111, accuracy: 1.0000
epoch: 98, loss: 0.0087, accuracy: 1.0000
epoch: 98, loss: 0.0093, accuracy: 1.0000
epoch: 98, loss: 0.0549, accuracy: 0.9984
epoch: 98, loss: 0.0084, accuracy: 0.9987
epoch: 99, loss: 0.0157, accuracy: 0.9937
epoch: 99, loss: 0.0088, accuracy: 0.9969
epoch: 99, loss: 0.0116, accuracy: 0.9958
epoch: 99, loss: 0.0294, accuracy: 0.9953
epoch: 99, loss: 0.0087, accuracy: 0.9961
epoch: 100, loss: 0.0321, accuracy: 0.9937
epoch: 100, loss: 0.0082, accuracy: 0.9969
epoch: 100, loss: 0.0175, accuracy: 0.9958
epoch: 100, loss: 0.0154, accuracy: 0.9969
epoch: 100, loss: 0.0091, accuracy: 0.9974
