epoch: 1, loss: 3.9738, accuracy: 0.0188
epoch: 1, loss: 4.0098, accuracy: 0.0094
epoch: 1, loss: 4.0455, accuracy: 0.0063
epoch: 1, loss: 3.9506, accuracy: 0.0047
epoch: 1, loss: 1.5236, accuracy: 0.0043
epoch: 2, loss: 4.6072, accuracy: 0.0000
epoch: 2, loss: 4.0051, accuracy: 0.0000
epoch: 2, loss: 3.9854, accuracy: 0.0000
epoch: 2, loss: 3.9773, accuracy: 0.0000
epoch: 2, loss: 1.6189, accuracy: 0.0000
epoch: 3, loss: 3.9828, accuracy: 0.0000
epoch: 3, loss: 3.9252, accuracy: 0.0000
epoch: 3, loss: 3.9824, accuracy: 0.0000
epoch: 3, loss: 3.9314, accuracy: 0.0000
epoch: 3, loss: 1.5834, accuracy: 0.0000
epoch: 4, loss: 3.9359, accuracy: 0.0000
epoch: 4, loss: 3.8048, accuracy: 0.0063
epoch: 4, loss: 3.7951, accuracy: 0.0042
epoch: 4, loss: 3.7107, accuracy: 0.0078
epoch: 4, loss: 1.5795, accuracy: 0.0072
epoch: 5, loss: 3.8180, accuracy: 0.0000
epoch: 5, loss: 3.5550, accuracy: 0.0125
epoch: 5, loss: 3.7917, accuracy: 0.0083
epoch: 5, loss: 3.9647, accuracy: 0.0078
epoch: 5, loss: 1.6725, accuracy: 0.0072
epoch: 6, loss: 4.2295, accuracy: 0.0000
epoch: 6, loss: 4.0108, accuracy: 0.0125
epoch: 6, loss: 4.0622, accuracy: 0.0125
epoch: 6, loss: 4.0530, accuracy: 0.0094
epoch: 6, loss: 1.6026, accuracy: 0.0130
epoch: 7, loss: 3.9581, accuracy: 0.0125
epoch: 7, loss: 3.9215, accuracy: 0.0094
epoch: 7, loss: 4.0287, accuracy: 0.0208
epoch: 7, loss: 3.9749, accuracy: 0.0250
epoch: 7, loss: 1.6432, accuracy: 0.0231
epoch: 8, loss: 3.8671, accuracy: 0.0125
epoch: 8, loss: 3.7797, accuracy: 0.0437
epoch: 8, loss: 3.8521, accuracy: 0.0437
epoch: 8, loss: 3.8939, accuracy: 0.0406
epoch: 8, loss: 1.6042, accuracy: 0.0389
epoch: 9, loss: 3.8938, accuracy: 0.0188
epoch: 9, loss: 3.8706, accuracy: 0.0219
epoch: 9, loss: 3.9605, accuracy: 0.0229
epoch: 9, loss: 3.9372, accuracy: 0.0391
epoch: 9, loss: 1.6046, accuracy: 0.0375
epoch: 10, loss: 3.9378, accuracy: 0.0188
epoch: 10, loss: 3.8753, accuracy: 0.0469
epoch: 10, loss: 3.9314, accuracy: 0.0396
epoch: 10, loss: 3.9602, accuracy: 0.0547
epoch: 10, loss: 1.6085, accuracy: 0.0504
epoch: 11, loss: 3.9540, accuracy: 0.0188
epoch: 11, loss: 3.8782, accuracy: 0.0562
epoch: 11, loss: 3.8970, accuracy: 0.0583
epoch: 11, loss: 3.8690, accuracy: 0.0688
epoch: 11, loss: 1.5869, accuracy: 0.0634
epoch: 12, loss: 3.8798, accuracy: 0.0188
epoch: 12, loss: 3.7825, accuracy: 0.0219
epoch: 12, loss: 3.7268, accuracy: 0.0146
epoch: 12, loss: 3.7519, accuracy: 0.0141
epoch: 12, loss: 1.5713, accuracy: 0.0130
epoch: 13, loss: 3.8101, accuracy: 0.0000
epoch: 13, loss: 3.6909, accuracy: 0.0031
epoch: 13, loss: 3.5694, accuracy: 0.0021
epoch: 13, loss: 3.4521, accuracy: 0.0234
epoch: 13, loss: 1.5454, accuracy: 0.0216
epoch: 14, loss: 3.6676, accuracy: 0.0000
epoch: 14, loss: 3.6738, accuracy: 0.0094
epoch: 14, loss: 3.5466, accuracy: 0.0146
epoch: 14, loss: 3.4639, accuracy: 0.0281
epoch: 14, loss: 1.5339, accuracy: 0.0259
epoch: 15, loss: 4.7336, accuracy: 0.0000
epoch: 15, loss: 3.6177, accuracy: 0.0562
epoch: 15, loss: 3.8842, accuracy: 0.0396
epoch: 15, loss: 3.3923, accuracy: 0.0469
epoch: 15, loss: 1.7240, accuracy: 0.0432
epoch: 16, loss: 4.1034, accuracy: 0.0000
epoch: 16, loss: 3.3916, accuracy: 0.0156
epoch: 16, loss: 3.5199, accuracy: 0.0146
epoch: 16, loss: 3.6489, accuracy: 0.0125
epoch: 16, loss: 1.6004, accuracy: 0.0115
epoch: 17, loss: 3.7181, accuracy: 0.0188
epoch: 17, loss: 3.3286, accuracy: 0.0625
epoch: 17, loss: 3.2559, accuracy: 0.0875
epoch: 17, loss: 3.2842, accuracy: 0.0859
epoch: 17, loss: 1.4858, accuracy: 0.0793
epoch: 18, loss: 3.4662, accuracy: 0.0688
epoch: 18, loss: 3.0834, accuracy: 0.0500
epoch: 18, loss: 3.1319, accuracy: 0.0562
epoch: 18, loss: 2.9799, accuracy: 0.0703
epoch: 18, loss: 1.3648, accuracy: 0.0648
epoch: 19, loss: 3.5315, accuracy: 0.0000
epoch: 19, loss: 2.9435, accuracy: 0.0656
epoch: 19, loss: 3.0526, accuracy: 0.0812
epoch: 19, loss: 3.0307, accuracy: 0.0719
epoch: 19, loss: 1.2646, accuracy: 0.0663
epoch: 20, loss: 3.4149, accuracy: 0.0437
epoch: 20, loss: 2.8213, accuracy: 0.0844
epoch: 20, loss: 2.8639, accuracy: 0.1208
epoch: 20, loss: 2.7308, accuracy: 0.1531
epoch: 20, loss: 1.1512, accuracy: 0.1556
epoch: 21, loss: 3.0656, accuracy: 0.0500
epoch: 21, loss: 2.6680, accuracy: 0.0938
epoch: 21, loss: 2.4378, accuracy: 0.1396
epoch: 21, loss: 2.9113, accuracy: 0.1422
epoch: 21, loss: 1.0988, accuracy: 0.1513
epoch: 22, loss: 2.9156, accuracy: 0.1437
epoch: 22, loss: 2.3686, accuracy: 0.1969
epoch: 22, loss: 2.3586, accuracy: 0.1937
epoch: 22, loss: 2.6244, accuracy: 0.1688
epoch: 22, loss: 0.9396, accuracy: 0.1686
epoch: 23, loss: 3.2848, accuracy: 0.1562
epoch: 23, loss: 2.4675, accuracy: 0.1844
epoch: 23, loss: 2.3214, accuracy: 0.2229
epoch: 23, loss: 2.4956, accuracy: 0.2219
epoch: 23, loss: 0.9815, accuracy: 0.2219
epoch: 24, loss: 3.0712, accuracy: 0.0938
epoch: 24, loss: 2.2476, accuracy: 0.1875
epoch: 24, loss: 2.4198, accuracy: 0.2083
epoch: 24, loss: 2.2173, accuracy: 0.2391
epoch: 24, loss: 0.8528, accuracy: 0.2378
epoch: 25, loss: 2.6410, accuracy: 0.2438
epoch: 25, loss: 2.1236, accuracy: 0.2406
epoch: 25, loss: 1.9801, accuracy: 0.2729
epoch: 25, loss: 1.9807, accuracy: 0.3063
epoch: 25, loss: 0.6266, accuracy: 0.3271
epoch: 26, loss: 2.1374, accuracy: 0.3562
epoch: 26, loss: 1.5381, accuracy: 0.4656
epoch: 26, loss: 1.5092, accuracy: 0.4854
epoch: 26, loss: 1.6769, accuracy: 0.4969
epoch: 26, loss: 0.4779, accuracy: 0.5086
epoch: 27, loss: 1.9069, accuracy: 0.4625
epoch: 27, loss: 1.2628, accuracy: 0.5281
epoch: 27, loss: 1.5348, accuracy: 0.5146
epoch: 27, loss: 1.6001, accuracy: 0.5219
epoch: 27, loss: 0.3805, accuracy: 0.5331
epoch: 28, loss: 1.6714, accuracy: 0.5688
epoch: 28, loss: 1.0823, accuracy: 0.6500
epoch: 28, loss: 1.2210, accuracy: 0.6354
epoch: 28, loss: 1.4693, accuracy: 0.6187
epoch: 28, loss: 0.3545, accuracy: 0.6225
epoch: 29, loss: 1.4357, accuracy: 0.6250
epoch: 29, loss: 1.3180, accuracy: 0.6062
epoch: 29, loss: 1.0791, accuracy: 0.6292
epoch: 29, loss: 1.2763, accuracy: 0.6297
epoch: 29, loss: 0.4781, accuracy: 0.6153
epoch: 30, loss: 1.4371, accuracy: 0.6187
epoch: 30, loss: 0.9603, accuracy: 0.6594
epoch: 30, loss: 1.4998, accuracy: 0.5958
epoch: 30, loss: 1.2989, accuracy: 0.6016
epoch: 30, loss: 0.2852, accuracy: 0.6138
epoch: 31, loss: 1.5471, accuracy: 0.5688
epoch: 31, loss: 0.8102, accuracy: 0.7063
epoch: 31, loss: 0.9677, accuracy: 0.7104
epoch: 31, loss: 1.1408, accuracy: 0.6922
epoch: 31, loss: 0.2448, accuracy: 0.6945
epoch: 32, loss: 0.9967, accuracy: 0.8000
epoch: 32, loss: 0.5418, accuracy: 0.8531
epoch: 32, loss: 0.8275, accuracy: 0.7917
epoch: 32, loss: 0.8996, accuracy: 0.7688
epoch: 32, loss: 0.1304, accuracy: 0.7853
epoch: 33, loss: 0.7410, accuracy: 0.8875
epoch: 33, loss: 0.3986, accuracy: 0.9156
epoch: 33, loss: 0.7342, accuracy: 0.8646
epoch: 33, loss: 0.7643, accuracy: 0.8438
epoch: 33, loss: 0.1542, accuracy: 0.8487
epoch: 34, loss: 0.6146, accuracy: 0.8875
epoch: 34, loss: 0.2789, accuracy: 0.9250
epoch: 34, loss: 0.5677, accuracy: 0.8896
epoch: 34, loss: 0.6214, accuracy: 0.8781
epoch: 34, loss: 0.0791, accuracy: 0.8847
epoch: 35, loss: 0.5306, accuracy: 0.8938
epoch: 35, loss: 0.3212, accuracy: 0.9187
epoch: 35, loss: 0.4919, accuracy: 0.8875
epoch: 35, loss: 0.5711, accuracy: 0.8797
epoch: 35, loss: 0.0900, accuracy: 0.8833
epoch: 36, loss: 0.5421, accuracy: 0.9062
epoch: 36, loss: 0.2776, accuracy: 0.9250
epoch: 36, loss: 0.3762, accuracy: 0.9250
epoch: 36, loss: 0.5074, accuracy: 0.9094
epoch: 36, loss: 0.0707, accuracy: 0.9135
epoch: 37, loss: 0.5065, accuracy: 0.8625
epoch: 37, loss: 0.1703, accuracy: 0.9187
epoch: 37, loss: 0.3325, accuracy: 0.9167
epoch: 37, loss: 0.4213, accuracy: 0.9156
epoch: 37, loss: 0.0563, accuracy: 0.9207
epoch: 38, loss: 0.3047, accuracy: 0.9563
epoch: 38, loss: 0.1358, accuracy: 0.9688
epoch: 38, loss: 0.2445, accuracy: 0.9688
epoch: 38, loss: 0.3074, accuracy: 0.9641
epoch: 38, loss: 0.0452, accuracy: 0.9640
epoch: 39, loss: 0.2497, accuracy: 0.9625
epoch: 39, loss: 0.1144, accuracy: 0.9688
epoch: 39, loss: 0.1671, accuracy: 0.9688
epoch: 39, loss: 0.2661, accuracy: 0.9594
epoch: 39, loss: 0.0437, accuracy: 0.9611
epoch: 40, loss: 0.1966, accuracy: 0.9688
epoch: 40, loss: 0.1285, accuracy: 0.9625
epoch: 40, loss: 0.1345, accuracy: 0.9667
epoch: 40, loss: 0.2207, accuracy: 0.9625
epoch: 40, loss: 0.0332, accuracy: 0.9640
epoch: 41, loss: 0.1872, accuracy: 0.9500
epoch: 41, loss: 0.1593, accuracy: 0.9531
epoch: 41, loss: 0.1265, accuracy: 0.9625
epoch: 41, loss: 0.2126, accuracy: 0.9578
epoch: 41, loss: 0.0504, accuracy: 0.9582
epoch: 42, loss: 0.1731, accuracy: 0.9625
epoch: 42, loss: 0.1155, accuracy: 0.9719
epoch: 42, loss: 0.1374, accuracy: 0.9688
epoch: 42, loss: 0.1791, accuracy: 0.9703
epoch: 42, loss: 0.0342, accuracy: 0.9712
epoch: 43, loss: 0.1445, accuracy: 0.9625
epoch: 43, loss: 0.1143, accuracy: 0.9625
epoch: 43, loss: 0.1378, accuracy: 0.9625
epoch: 43, loss: 0.1441, accuracy: 0.9641
epoch: 43, loss: 0.0396, accuracy: 0.9640
epoch: 44, loss: 0.1600, accuracy: 0.9563
epoch: 44, loss: 0.1222, accuracy: 0.9563
epoch: 44, loss: 0.1003, accuracy: 0.9625
epoch: 44, loss: 0.1678, accuracy: 0.9609
epoch: 44, loss: 0.0704, accuracy: 0.9568
epoch: 45, loss: 0.1746, accuracy: 0.9563
epoch: 45, loss: 0.0894, accuracy: 0.9688
epoch: 45, loss: 0.0892, accuracy: 0.9750
epoch: 45, loss: 0.1603, accuracy: 0.9703
epoch: 45, loss: 0.0403, accuracy: 0.9697
epoch: 46, loss: 0.1650, accuracy: 0.9500
epoch: 46, loss: 0.1011, accuracy: 0.9594
epoch: 46, loss: 0.0873, accuracy: 0.9688
epoch: 46, loss: 0.1246, accuracy: 0.9703
epoch: 46, loss: 0.0214, accuracy: 0.9726
epoch: 47, loss: 0.1119, accuracy: 0.9812
epoch: 47, loss: 0.1101, accuracy: 0.9719
epoch: 47, loss: 0.0738, accuracy: 0.9771
epoch: 47, loss: 0.1086, accuracy: 0.9734
epoch: 47, loss: 0.0194, accuracy: 0.9755
epoch: 48, loss: 0.1078, accuracy: 0.9688
epoch: 48, loss: 0.0757, accuracy: 0.9781
epoch: 48, loss: 0.0656, accuracy: 0.9792
epoch: 48, loss: 0.1121, accuracy: 0.9750
epoch: 48, loss: 0.0243, accuracy: 0.9755
epoch: 49, loss: 0.0916, accuracy: 0.9750
epoch: 49, loss: 0.0515, accuracy: 0.9844
epoch: 49, loss: 0.0622, accuracy: 0.9854
epoch: 49, loss: 0.1052, accuracy: 0.9797
epoch: 49, loss: 0.0207, accuracy: 0.9798
epoch: 50, loss: 0.0704, accuracy: 0.9937
epoch: 50, loss: 0.0447, accuracy: 0.9969
epoch: 50, loss: 0.0621, accuracy: 0.9937
epoch: 50, loss: 0.0949, accuracy: 0.9875
epoch: 50, loss: 0.0199, accuracy: 0.9870
