epoch: 1, loss: 3.9683, accuracy: 0.0000
epoch: 1, loss: 4.0170, accuracy: 0.0000
epoch: 1, loss: 4.0121, accuracy: 0.0000
epoch: 1, loss: 3.9752, accuracy: 0.0000
epoch: 1, loss: 1.5177, accuracy: 0.0000
epoch: 2, loss: 4.6149, accuracy: 0.0000
epoch: 2, loss: 3.9769, accuracy: 0.0000
epoch: 2, loss: 3.9594, accuracy: 0.0000
epoch: 2, loss: 3.9735, accuracy: 0.0000
epoch: 2, loss: 1.5704, accuracy: 0.0000
epoch: 3, loss: 4.0140, accuracy: 0.0000
epoch: 3, loss: 3.9133, accuracy: 0.0000
epoch: 3, loss: 3.9629, accuracy: 0.0000
epoch: 3, loss: 3.9180, accuracy: 0.0000
epoch: 3, loss: 1.5616, accuracy: 0.0014
epoch: 4, loss: 3.8406, accuracy: 0.0063
epoch: 4, loss: 3.8040, accuracy: 0.0031
epoch: 4, loss: 3.7759, accuracy: 0.0021
epoch: 4, loss: 3.8754, accuracy: 0.0047
epoch: 4, loss: 1.5922, accuracy: 0.0072
epoch: 5, loss: 3.8346, accuracy: 0.0125
epoch: 5, loss: 3.8293, accuracy: 0.0063
epoch: 5, loss: 3.7174, accuracy: 0.0104
epoch: 5, loss: 4.2417, accuracy: 0.0125
epoch: 5, loss: 1.6908, accuracy: 0.0159
epoch: 6, loss: 4.0130, accuracy: 0.0125
epoch: 6, loss: 3.9998, accuracy: 0.0125
epoch: 6, loss: 4.2717, accuracy: 0.0125
epoch: 6, loss: 4.0994, accuracy: 0.0156
epoch: 6, loss: 1.5748, accuracy: 0.0202
epoch: 7, loss: 4.0504, accuracy: 0.0063
epoch: 7, loss: 3.8977, accuracy: 0.0219
epoch: 7, loss: 3.9679, accuracy: 0.0167
epoch: 7, loss: 4.1199, accuracy: 0.0219
epoch: 7, loss: 1.6172, accuracy: 0.0202
epoch: 8, loss: 3.8416, accuracy: 0.0125
epoch: 8, loss: 3.9556, accuracy: 0.0063
epoch: 8, loss: 3.8385, accuracy: 0.0167
epoch: 8, loss: 4.4286, accuracy: 0.0156
epoch: 8, loss: 1.7136, accuracy: 0.0159
epoch: 9, loss: 3.9401, accuracy: 0.0125
epoch: 9, loss: 3.9910, accuracy: 0.0156
epoch: 9, loss: 4.0265, accuracy: 0.0146
epoch: 9, loss: 4.0172, accuracy: 0.0125
epoch: 9, loss: 1.5942, accuracy: 0.0159
epoch: 10, loss: 3.9803, accuracy: 0.0000
epoch: 10, loss: 3.9354, accuracy: 0.0000
epoch: 10, loss: 3.9421, accuracy: 0.0167
epoch: 10, loss: 3.9843, accuracy: 0.0125
epoch: 10, loss: 1.5876, accuracy: 0.0187
epoch: 11, loss: 3.9439, accuracy: 0.0000
epoch: 11, loss: 3.9109, accuracy: 0.0000
epoch: 11, loss: 3.9279, accuracy: 0.0063
epoch: 11, loss: 3.9705, accuracy: 0.0078
epoch: 11, loss: 1.5818, accuracy: 0.0187
epoch: 12, loss: 3.9253, accuracy: 0.0125
epoch: 12, loss: 3.8926, accuracy: 0.0094
epoch: 12, loss: 3.9138, accuracy: 0.0188
epoch: 12, loss: 3.9462, accuracy: 0.0172
epoch: 12, loss: 1.5730, accuracy: 0.0288
epoch: 13, loss: 3.8946, accuracy: 0.0688
epoch: 13, loss: 3.8558, accuracy: 0.0531
epoch: 13, loss: 3.8740, accuracy: 0.0562
epoch: 13, loss: 3.8747, accuracy: 0.0531
epoch: 13, loss: 1.5574, accuracy: 0.0620
epoch: 14, loss: 3.8080, accuracy: 0.0250
epoch: 14, loss: 3.7278, accuracy: 0.0219
epoch: 14, loss: 3.7394, accuracy: 0.0146
epoch: 14, loss: 3.7180, accuracy: 0.0156
epoch: 14, loss: 1.5237, accuracy: 0.0274
epoch: 15, loss: 3.6562, accuracy: 0.0125
epoch: 15, loss: 3.4578, accuracy: 0.0063
epoch: 15, loss: 3.5259, accuracy: 0.0125
epoch: 15, loss: 3.4240, accuracy: 0.0094
epoch: 15, loss: 1.5262, accuracy: 0.0130
epoch: 16, loss: 3.5904, accuracy: 0.0000
epoch: 16, loss: 3.1096, accuracy: 0.0344
epoch: 16, loss: 3.4880, accuracy: 0.0396
epoch: 16, loss: 3.4650, accuracy: 0.0500
epoch: 16, loss: 1.3314, accuracy: 0.0519
epoch: 17, loss: 3.8798, accuracy: 0.0312
epoch: 17, loss: 3.2327, accuracy: 0.0344
epoch: 17, loss: 3.5774, accuracy: 0.0271
epoch: 17, loss: 3.6274, accuracy: 0.0297
epoch: 17, loss: 1.3300, accuracy: 0.0418
epoch: 18, loss: 3.4870, accuracy: 0.0938
epoch: 18, loss: 3.8688, accuracy: 0.0531
epoch: 18, loss: 3.3108, accuracy: 0.0729
epoch: 18, loss: 3.7024, accuracy: 0.0578
epoch: 18, loss: 1.7316, accuracy: 0.0562
epoch: 19, loss: 3.4165, accuracy: 0.0688
epoch: 19, loss: 3.3752, accuracy: 0.1031
epoch: 19, loss: 3.3592, accuracy: 0.0938
epoch: 19, loss: 3.5291, accuracy: 0.0812
epoch: 19, loss: 1.4368, accuracy: 0.0778
epoch: 20, loss: 3.5757, accuracy: 0.0125
epoch: 20, loss: 3.0921, accuracy: 0.0875
epoch: 20, loss: 3.0798, accuracy: 0.0958
epoch: 20, loss: 3.3839, accuracy: 0.0875
epoch: 20, loss: 1.4392, accuracy: 0.0893
epoch: 21, loss: 3.2941, accuracy: 0.0562
epoch: 21, loss: 2.7692, accuracy: 0.1094
epoch: 21, loss: 2.8932, accuracy: 0.1271
epoch: 21, loss: 2.8313, accuracy: 0.1359
epoch: 21, loss: 1.1437, accuracy: 0.1398
epoch: 22, loss: 3.0138, accuracy: 0.0312
epoch: 22, loss: 2.4982, accuracy: 0.1406
epoch: 22, loss: 2.5825, accuracy: 0.1750
epoch: 22, loss: 2.4537, accuracy: 0.1984
epoch: 22, loss: 0.9424, accuracy: 0.2104
epoch: 23, loss: 2.8113, accuracy: 0.0812
epoch: 23, loss: 2.2645, accuracy: 0.2031
epoch: 23, loss: 2.4152, accuracy: 0.1979
epoch: 23, loss: 2.3074, accuracy: 0.2313
epoch: 23, loss: 0.7851, accuracy: 0.2421
epoch: 24, loss: 2.4424, accuracy: 0.1562
epoch: 24, loss: 2.1643, accuracy: 0.2250
epoch: 24, loss: 2.1970, accuracy: 0.2542
epoch: 24, loss: 2.3704, accuracy: 0.2266
epoch: 24, loss: 0.6834, accuracy: 0.2450
epoch: 25, loss: 2.7788, accuracy: 0.0812
epoch: 25, loss: 1.8048, accuracy: 0.3125
epoch: 25, loss: 2.0585, accuracy: 0.3313
epoch: 25, loss: 2.1832, accuracy: 0.3063
epoch: 25, loss: 0.5359, accuracy: 0.3228
epoch: 26, loss: 2.4854, accuracy: 0.1813
epoch: 26, loss: 1.6263, accuracy: 0.3125
epoch: 26, loss: 1.8224, accuracy: 0.3458
epoch: 26, loss: 1.7755, accuracy: 0.3516
epoch: 26, loss: 0.5519, accuracy: 0.3602
epoch: 27, loss: 2.0143, accuracy: 0.2062
epoch: 27, loss: 1.5966, accuracy: 0.3500
epoch: 27, loss: 2.0299, accuracy: 0.3583
epoch: 27, loss: 1.9048, accuracy: 0.3750
epoch: 27, loss: 0.8422, accuracy: 0.3775
epoch: 28, loss: 1.8194, accuracy: 0.4875
epoch: 28, loss: 1.3229, accuracy: 0.5719
epoch: 28, loss: 1.7854, accuracy: 0.5083
epoch: 28, loss: 1.7719, accuracy: 0.5000
epoch: 28, loss: 0.5211, accuracy: 0.4971
epoch: 29, loss: 1.6594, accuracy: 0.5938
epoch: 29, loss: 1.0247, accuracy: 0.6781
epoch: 29, loss: 1.3619, accuracy: 0.6583
epoch: 29, loss: 1.6759, accuracy: 0.6156
epoch: 29, loss: 0.4310, accuracy: 0.6138
epoch: 30, loss: 1.9334, accuracy: 0.4000
epoch: 30, loss: 1.1790, accuracy: 0.5375
epoch: 30, loss: 1.4308, accuracy: 0.5771
epoch: 30, loss: 1.6457, accuracy: 0.5578
epoch: 30, loss: 0.3370, accuracy: 0.5663
epoch: 31, loss: 1.8692, accuracy: 0.4313
epoch: 31, loss: 1.0594, accuracy: 0.5781
epoch: 31, loss: 1.0170, accuracy: 0.6250
epoch: 31, loss: 1.2787, accuracy: 0.6016
epoch: 31, loss: 0.3964, accuracy: 0.5980
epoch: 32, loss: 1.4742, accuracy: 0.5437
epoch: 32, loss: 0.8087, accuracy: 0.6750
epoch: 32, loss: 0.9529, accuracy: 0.6875
epoch: 32, loss: 1.2370, accuracy: 0.6641
epoch: 32, loss: 0.2677, accuracy: 0.6671
epoch: 33, loss: 1.1263, accuracy: 0.7188
epoch: 33, loss: 0.6232, accuracy: 0.7781
epoch: 33, loss: 0.5795, accuracy: 0.8104
epoch: 33, loss: 0.8306, accuracy: 0.8000
epoch: 33, loss: 0.2274, accuracy: 0.7954
epoch: 34, loss: 0.8922, accuracy: 0.7500
epoch: 34, loss: 0.5897, accuracy: 0.7688
epoch: 34, loss: 0.5007, accuracy: 0.8062
epoch: 34, loss: 0.7928, accuracy: 0.7953
epoch: 34, loss: 0.3771, accuracy: 0.7896
epoch: 35, loss: 0.7481, accuracy: 0.8313
epoch: 35, loss: 0.4279, accuracy: 0.8875
epoch: 35, loss: 0.6714, accuracy: 0.8771
epoch: 35, loss: 0.9106, accuracy: 0.8281
epoch: 35, loss: 0.2423, accuracy: 0.8213
epoch: 36, loss: 1.3859, accuracy: 0.4812
epoch: 36, loss: 0.6742, accuracy: 0.6562
epoch: 36, loss: 0.6712, accuracy: 0.7042
epoch: 36, loss: 0.7622, accuracy: 0.7203
epoch: 36, loss: 0.2488, accuracy: 0.7176
epoch: 37, loss: 0.9594, accuracy: 0.6938
epoch: 37, loss: 0.4658, accuracy: 0.7875
epoch: 37, loss: 0.5188, accuracy: 0.7958
epoch: 37, loss: 0.5374, accuracy: 0.8172
epoch: 37, loss: 0.2320, accuracy: 0.8127
epoch: 38, loss: 0.8019, accuracy: 0.7500
epoch: 38, loss: 0.4653, accuracy: 0.8281
epoch: 38, loss: 0.3639, accuracy: 0.8771
epoch: 38, loss: 0.4872, accuracy: 0.8875
epoch: 38, loss: 0.1985, accuracy: 0.8804
epoch: 39, loss: 0.7599, accuracy: 0.8875
epoch: 39, loss: 0.3019, accuracy: 0.9156
epoch: 39, loss: 0.2976, accuracy: 0.9250
epoch: 39, loss: 0.4635, accuracy: 0.9203
epoch: 39, loss: 0.1243, accuracy: 0.9164
epoch: 40, loss: 0.4077, accuracy: 0.9563
epoch: 40, loss: 0.2213, accuracy: 0.9625
epoch: 40, loss: 0.2101, accuracy: 0.9708
epoch: 40, loss: 0.3999, accuracy: 0.9469
epoch: 40, loss: 0.0954, accuracy: 0.9467
epoch: 41, loss: 0.3259, accuracy: 0.9375
epoch: 41, loss: 0.1802, accuracy: 0.9625
epoch: 41, loss: 0.2760, accuracy: 0.9375
epoch: 41, loss: 0.3225, accuracy: 0.9297
epoch: 41, loss: 0.0654, accuracy: 0.9352
epoch: 42, loss: 0.2568, accuracy: 0.9625
epoch: 42, loss: 0.1532, accuracy: 0.9688
epoch: 42, loss: 0.2653, accuracy: 0.9417
epoch: 42, loss: 0.3163, accuracy: 0.9281
epoch: 42, loss: 0.0508, accuracy: 0.9337
epoch: 43, loss: 0.1939, accuracy: 0.9688
epoch: 43, loss: 0.1332, accuracy: 0.9719
epoch: 43, loss: 0.1803, accuracy: 0.9771
epoch: 43, loss: 0.2548, accuracy: 0.9609
epoch: 43, loss: 0.0479, accuracy: 0.9625
epoch: 44, loss: 0.1694, accuracy: 0.9750
epoch: 44, loss: 0.1001, accuracy: 0.9875
epoch: 44, loss: 0.1580, accuracy: 0.9875
epoch: 44, loss: 0.2172, accuracy: 0.9812
epoch: 44, loss: 0.0419, accuracy: 0.9813
epoch: 45, loss: 0.1456, accuracy: 0.9812
epoch: 45, loss: 0.1086, accuracy: 0.9812
epoch: 45, loss: 0.1524, accuracy: 0.9792
epoch: 45, loss: 0.1737, accuracy: 0.9781
epoch: 45, loss: 0.0290, accuracy: 0.9798
epoch: 46, loss: 0.1268, accuracy: 0.9875
epoch: 46, loss: 0.1298, accuracy: 0.9781
epoch: 46, loss: 0.1224, accuracy: 0.9792
epoch: 46, loss: 0.1623, accuracy: 0.9766
epoch: 46, loss: 0.0383, accuracy: 0.9769
epoch: 47, loss: 0.1189, accuracy: 0.9875
epoch: 47, loss: 0.0820, accuracy: 0.9906
epoch: 47, loss: 0.0951, accuracy: 0.9896
epoch: 47, loss: 0.1602, accuracy: 0.9859
epoch: 47, loss: 0.0325, accuracy: 0.9856
epoch: 48, loss: 0.1109, accuracy: 0.9812
epoch: 48, loss: 0.0773, accuracy: 0.9875
epoch: 48, loss: 0.0911, accuracy: 0.9854
epoch: 48, loss: 0.1175, accuracy: 0.9844
epoch: 48, loss: 0.0220, accuracy: 0.9856
epoch: 49, loss: 0.1110, accuracy: 0.9875
epoch: 49, loss: 0.0828, accuracy: 0.9844
epoch: 49, loss: 0.0775, accuracy: 0.9854
epoch: 49, loss: 0.1055, accuracy: 0.9875
epoch: 49, loss: 0.0251, accuracy: 0.9885
epoch: 50, loss: 0.0973, accuracy: 0.9875
epoch: 50, loss: 0.0661, accuracy: 0.9906
epoch: 50, loss: 0.0669, accuracy: 0.9917
epoch: 50, loss: 0.0938, accuracy: 0.9937
epoch: 50, loss: 0.0335, accuracy: 0.9928
epoch: 51, loss: 0.0851, accuracy: 0.9937
epoch: 51, loss: 0.0563, accuracy: 0.9937
epoch: 51, loss: 0.0622, accuracy: 0.9937
epoch: 51, loss: 0.0974, accuracy: 0.9922
epoch: 51, loss: 0.0256, accuracy: 0.9914
epoch: 52, loss: 0.0824, accuracy: 0.9937
epoch: 52, loss: 0.0656, accuracy: 0.9937
epoch: 52, loss: 0.0587, accuracy: 0.9937
epoch: 52, loss: 0.0940, accuracy: 0.9906
epoch: 52, loss: 0.0241, accuracy: 0.9899
epoch: 53, loss: 0.0826, accuracy: 0.9812
epoch: 53, loss: 0.0793, accuracy: 0.9812
epoch: 53, loss: 0.0524, accuracy: 0.9875
epoch: 53, loss: 0.1256, accuracy: 0.9844
epoch: 53, loss: 0.0379, accuracy: 0.9841
epoch: 54, loss: 0.0783, accuracy: 0.9937
epoch: 54, loss: 0.0619, accuracy: 0.9906
epoch: 54, loss: 0.0596, accuracy: 0.9875
epoch: 54, loss: 0.1076, accuracy: 0.9844
epoch: 54, loss: 0.0271, accuracy: 0.9827
epoch: 55, loss: 0.0799, accuracy: 0.9812
epoch: 55, loss: 0.0568, accuracy: 0.9875
epoch: 55, loss: 0.0775, accuracy: 0.9854
epoch: 55, loss: 0.0832, accuracy: 0.9875
epoch: 55, loss: 0.0164, accuracy: 0.9885
epoch: 56, loss: 0.0701, accuracy: 0.9937
epoch: 56, loss: 0.0657, accuracy: 0.9906
epoch: 56, loss: 0.0559, accuracy: 0.9896
epoch: 56, loss: 0.0700, accuracy: 0.9906
epoch: 56, loss: 0.0171, accuracy: 0.9914
epoch: 57, loss: 0.0706, accuracy: 0.9875
epoch: 57, loss: 0.0609, accuracy: 0.9906
epoch: 57, loss: 0.0405, accuracy: 0.9917
epoch: 57, loss: 0.0816, accuracy: 0.9906
epoch: 57, loss: 0.0180, accuracy: 0.9899
epoch: 58, loss: 0.0547, accuracy: 0.9937
epoch: 58, loss: 0.0438, accuracy: 0.9937
epoch: 58, loss: 0.0453, accuracy: 0.9937
epoch: 58, loss: 0.0718, accuracy: 0.9922
epoch: 58, loss: 0.0121, accuracy: 0.9928
epoch: 59, loss: 0.0526, accuracy: 0.9875
epoch: 59, loss: 0.0510, accuracy: 0.9875
epoch: 59, loss: 0.0490, accuracy: 0.9896
epoch: 59, loss: 0.0505, accuracy: 0.9922
epoch: 59, loss: 0.0140, accuracy: 0.9928
epoch: 60, loss: 0.0471, accuracy: 0.9937
epoch: 60, loss: 0.0552, accuracy: 0.9906
epoch: 60, loss: 0.0353, accuracy: 0.9917
epoch: 60, loss: 0.0555, accuracy: 0.9922
epoch: 60, loss: 0.0117, accuracy: 0.9928
epoch: 61, loss: 0.0506, accuracy: 0.9937
epoch: 61, loss: 0.0368, accuracy: 0.9937
epoch: 61, loss: 0.0295, accuracy: 0.9958
epoch: 61, loss: 0.0632, accuracy: 0.9922
epoch: 61, loss: 0.0152, accuracy: 0.9914
epoch: 62, loss: 0.0485, accuracy: 0.9937
epoch: 62, loss: 0.0303, accuracy: 0.9969
epoch: 62, loss: 0.0322, accuracy: 0.9979
epoch: 62, loss: 0.0564, accuracy: 0.9953
epoch: 62, loss: 0.0232, accuracy: 0.9942
epoch: 63, loss: 0.0368, accuracy: 1.0000
epoch: 63, loss: 0.0398, accuracy: 0.9969
epoch: 63, loss: 0.0333, accuracy: 0.9958
epoch: 63, loss: 0.0435, accuracy: 0.9969
epoch: 63, loss: 0.0155, accuracy: 0.9957
epoch: 64, loss: 0.0442, accuracy: 0.9875
epoch: 64, loss: 0.0423, accuracy: 0.9844
epoch: 64, loss: 0.0325, accuracy: 0.9875
epoch: 64, loss: 0.0432, accuracy: 0.9906
epoch: 64, loss: 0.0102, accuracy: 0.9914
epoch: 65, loss: 0.0771, accuracy: 0.9875
epoch: 65, loss: 0.0370, accuracy: 0.9875
epoch: 65, loss: 0.0333, accuracy: 0.9896
epoch: 65, loss: 0.0522, accuracy: 0.9922
epoch: 65, loss: 0.0097, accuracy: 0.9928
epoch: 66, loss: 0.1829, accuracy: 0.9062
epoch: 66, loss: 0.0522, accuracy: 0.9500
epoch: 66, loss: 0.4745, accuracy: 0.9333
epoch: 66, loss: 0.3012, accuracy: 0.9297
epoch: 66, loss: 0.0269, accuracy: 0.9337
epoch: 67, loss: 0.5222, accuracy: 0.8000
epoch: 67, loss: 0.6439, accuracy: 0.7969
epoch: 67, loss: 1.0901, accuracy: 0.7688
epoch: 67, loss: 0.9411, accuracy: 0.7531
epoch: 67, loss: 0.0319, accuracy: 0.7723
epoch: 68, loss: 0.9134, accuracy: 0.7937
epoch: 68, loss: 0.6436, accuracy: 0.8125
epoch: 68, loss: 0.8192, accuracy: 0.7812
epoch: 68, loss: 0.8549, accuracy: 0.7437
epoch: 68, loss: 0.1935, accuracy: 0.7522
epoch: 69, loss: 0.9521, accuracy: 0.8125
epoch: 69, loss: 0.7527, accuracy: 0.7844
epoch: 69, loss: 0.4033, accuracy: 0.8104
epoch: 69, loss: 0.7802, accuracy: 0.7984
epoch: 69, loss: 0.3733, accuracy: 0.7911
epoch: 70, loss: 0.4930, accuracy: 0.8313
epoch: 70, loss: 0.5196, accuracy: 0.8406
epoch: 70, loss: 0.4828, accuracy: 0.8542
epoch: 70, loss: 0.4841, accuracy: 0.8516
epoch: 70, loss: 0.1670, accuracy: 0.8487
epoch: 71, loss: 0.1898, accuracy: 0.9750
epoch: 71, loss: 0.4078, accuracy: 0.9375
epoch: 71, loss: 0.2366, accuracy: 0.9354
epoch: 71, loss: 0.3789, accuracy: 0.9203
epoch: 71, loss: 0.2198, accuracy: 0.9092
epoch: 72, loss: 0.2204, accuracy: 0.9750
epoch: 72, loss: 0.1467, accuracy: 0.9688
epoch: 72, loss: 0.1361, accuracy: 0.9708
epoch: 72, loss: 0.1528, accuracy: 0.9688
epoch: 72, loss: 0.1118, accuracy: 0.9611
epoch: 73, loss: 0.4614, accuracy: 0.8813
epoch: 73, loss: 0.0758, accuracy: 0.9312
epoch: 73, loss: 0.1081, accuracy: 0.9521
epoch: 73, loss: 0.0989, accuracy: 0.9609
epoch: 73, loss: 0.0899, accuracy: 0.9568
epoch: 74, loss: 0.1321, accuracy: 0.9500
epoch: 74, loss: 0.0647, accuracy: 0.9719
epoch: 74, loss: 0.0481, accuracy: 0.9812
epoch: 74, loss: 0.0680, accuracy: 0.9859
epoch: 74, loss: 0.0311, accuracy: 0.9856
epoch: 75, loss: 0.0683, accuracy: 1.0000
epoch: 75, loss: 0.0439, accuracy: 1.0000
epoch: 75, loss: 0.0387, accuracy: 1.0000
epoch: 75, loss: 0.0561, accuracy: 1.0000
epoch: 75, loss: 0.0173, accuracy: 1.0000
epoch: 76, loss: 0.0469, accuracy: 1.0000
epoch: 76, loss: 0.0347, accuracy: 1.0000
epoch: 76, loss: 0.0332, accuracy: 1.0000
epoch: 76, loss: 0.0484, accuracy: 1.0000
epoch: 76, loss: 0.0142, accuracy: 1.0000
epoch: 77, loss: 0.0411, accuracy: 1.0000
epoch: 77, loss: 0.0302, accuracy: 1.0000
epoch: 77, loss: 0.0296, accuracy: 1.0000
epoch: 77, loss: 0.0438, accuracy: 1.0000
epoch: 77, loss: 0.0124, accuracy: 1.0000
epoch: 78, loss: 0.0357, accuracy: 1.0000
epoch: 78, loss: 0.0273, accuracy: 1.0000
epoch: 78, loss: 0.0267, accuracy: 1.0000
epoch: 78, loss: 0.0399, accuracy: 1.0000
epoch: 78, loss: 0.0111, accuracy: 1.0000
epoch: 79, loss: 0.0324, accuracy: 1.0000
epoch: 79, loss: 0.0246, accuracy: 1.0000
epoch: 79, loss: 0.0240, accuracy: 1.0000
epoch: 79, loss: 0.0368, accuracy: 1.0000
epoch: 79, loss: 0.0100, accuracy: 1.0000
epoch: 80, loss: 0.0294, accuracy: 1.0000
epoch: 80, loss: 0.0225, accuracy: 1.0000
epoch: 80, loss: 0.0219, accuracy: 1.0000
epoch: 80, loss: 0.0341, accuracy: 1.0000
epoch: 80, loss: 0.0091, accuracy: 1.0000
epoch: 81, loss: 0.0271, accuracy: 1.0000
epoch: 81, loss: 0.0207, accuracy: 1.0000
epoch: 81, loss: 0.0203, accuracy: 1.0000
epoch: 81, loss: 0.0317, accuracy: 1.0000
epoch: 81, loss: 0.0084, accuracy: 1.0000
epoch: 82, loss: 0.0251, accuracy: 1.0000
epoch: 82, loss: 0.0192, accuracy: 1.0000
epoch: 82, loss: 0.0189, accuracy: 1.0000
epoch: 82, loss: 0.0296, accuracy: 1.0000
epoch: 82, loss: 0.0078, accuracy: 1.0000
epoch: 83, loss: 0.0234, accuracy: 1.0000
epoch: 83, loss: 0.0179, accuracy: 1.0000
epoch: 83, loss: 0.0176, accuracy: 1.0000
epoch: 83, loss: 0.0280, accuracy: 1.0000
epoch: 83, loss: 0.0072, accuracy: 1.0000
epoch: 84, loss: 0.0219, accuracy: 1.0000
epoch: 84, loss: 0.0167, accuracy: 1.0000
epoch: 84, loss: 0.0166, accuracy: 1.0000
epoch: 84, loss: 0.0262, accuracy: 1.0000
epoch: 84, loss: 0.0067, accuracy: 1.0000
epoch: 85, loss: 0.0206, accuracy: 1.0000
epoch: 85, loss: 0.0157, accuracy: 1.0000
epoch: 85, loss: 0.0156, accuracy: 1.0000
epoch: 85, loss: 0.0248, accuracy: 1.0000
epoch: 85, loss: 0.0063, accuracy: 1.0000
epoch: 86, loss: 0.0195, accuracy: 1.0000
epoch: 86, loss: 0.0147, accuracy: 1.0000
epoch: 86, loss: 0.0147, accuracy: 1.0000
epoch: 86, loss: 0.0233, accuracy: 1.0000
epoch: 86, loss: 0.0059, accuracy: 1.0000
epoch: 87, loss: 0.0185, accuracy: 1.0000
epoch: 87, loss: 0.0139, accuracy: 1.0000
epoch: 87, loss: 0.0140, accuracy: 1.0000
epoch: 87, loss: 0.0221, accuracy: 1.0000
epoch: 87, loss: 0.0056, accuracy: 1.0000
epoch: 88, loss: 0.0177, accuracy: 1.0000
epoch: 88, loss: 0.0131, accuracy: 1.0000
epoch: 88, loss: 0.0133, accuracy: 1.0000
epoch: 88, loss: 0.0208, accuracy: 1.0000
epoch: 88, loss: 0.0053, accuracy: 1.0000
epoch: 89, loss: 0.0169, accuracy: 1.0000
epoch: 89, loss: 0.0125, accuracy: 1.0000
epoch: 89, loss: 0.0126, accuracy: 1.0000
epoch: 89, loss: 0.0198, accuracy: 1.0000
epoch: 89, loss: 0.0050, accuracy: 1.0000
epoch: 90, loss: 0.0163, accuracy: 1.0000
epoch: 90, loss: 0.0118, accuracy: 1.0000
epoch: 90, loss: 0.0120, accuracy: 1.0000
epoch: 90, loss: 0.0188, accuracy: 1.0000
epoch: 90, loss: 0.0047, accuracy: 1.0000
epoch: 91, loss: 0.0156, accuracy: 1.0000
epoch: 91, loss: 0.0113, accuracy: 1.0000
epoch: 91, loss: 0.0115, accuracy: 1.0000
epoch: 91, loss: 0.0181, accuracy: 1.0000
epoch: 91, loss: 0.0045, accuracy: 1.0000
epoch: 92, loss: 0.0148, accuracy: 1.0000
epoch: 92, loss: 0.0107, accuracy: 1.0000
epoch: 92, loss: 0.0110, accuracy: 1.0000
epoch: 92, loss: 0.0174, accuracy: 1.0000
epoch: 92, loss: 0.0043, accuracy: 1.0000
epoch: 93, loss: 0.0139, accuracy: 1.0000
epoch: 93, loss: 0.0102, accuracy: 1.0000
epoch: 93, loss: 0.0105, accuracy: 1.0000
epoch: 93, loss: 0.0167, accuracy: 1.0000
epoch: 93, loss: 0.0041, accuracy: 1.0000
epoch: 94, loss: 0.0132, accuracy: 1.0000
epoch: 94, loss: 0.0098, accuracy: 1.0000
epoch: 94, loss: 0.0100, accuracy: 1.0000
epoch: 94, loss: 0.0159, accuracy: 1.0000
epoch: 94, loss: 0.0039, accuracy: 1.0000
epoch: 95, loss: 0.0126, accuracy: 1.0000
epoch: 95, loss: 0.0094, accuracy: 1.0000
epoch: 95, loss: 0.0096, accuracy: 1.0000
epoch: 95, loss: 0.0152, accuracy: 1.0000
epoch: 95, loss: 0.0037, accuracy: 1.0000
epoch: 96, loss: 0.0120, accuracy: 1.0000
epoch: 96, loss: 0.0090, accuracy: 1.0000
epoch: 96, loss: 0.0092, accuracy: 1.0000
epoch: 96, loss: 0.0145, accuracy: 1.0000
epoch: 96, loss: 0.0035, accuracy: 1.0000
epoch: 97, loss: 0.0114, accuracy: 1.0000
epoch: 97, loss: 0.0087, accuracy: 1.0000
epoch: 97, loss: 0.0089, accuracy: 1.0000
epoch: 97, loss: 0.0142, accuracy: 1.0000
epoch: 97, loss: 0.0034, accuracy: 1.0000
epoch: 98, loss: 0.0109, accuracy: 1.0000
epoch: 98, loss: 0.0084, accuracy: 1.0000
epoch: 98, loss: 0.0085, accuracy: 1.0000
epoch: 98, loss: 0.0144, accuracy: 1.0000
epoch: 98, loss: 0.0032, accuracy: 1.0000
epoch: 99, loss: 0.0106, accuracy: 1.0000
epoch: 99, loss: 0.0081, accuracy: 1.0000
epoch: 99, loss: 0.0082, accuracy: 1.0000
epoch: 99, loss: 0.0152, accuracy: 1.0000
epoch: 99, loss: 0.0031, accuracy: 1.0000
epoch: 100, loss: 0.0108, accuracy: 1.0000
epoch: 100, loss: 0.0077, accuracy: 1.0000
epoch: 100, loss: 0.0079, accuracy: 1.0000
epoch: 100, loss: 0.0132, accuracy: 1.0000
epoch: 100, loss: 0.0029, accuracy: 1.0000
