epoch: 1, loss: 3.9583, accuracy: 0.0000
epoch: 1, loss: 4.0075, accuracy: 0.0000
epoch: 1, loss: 4.0501, accuracy: 0.0000
epoch: 1, loss: 3.9773, accuracy: 0.0000
epoch: 1, loss: 3.4735, accuracy: 0.0000
epoch: 2, loss: 4.8564, accuracy: 0.0000
epoch: 2, loss: 3.9898, accuracy: 0.0000
epoch: 2, loss: 3.9263, accuracy: 0.0000
epoch: 2, loss: 3.8796, accuracy: 0.0000
epoch: 2, loss: 3.0658, accuracy: 0.0000
epoch: 3, loss: 4.1219, accuracy: 0.0000
epoch: 3, loss: 3.8357, accuracy: 0.0000
epoch: 3, loss: 3.8492, accuracy: 0.0042
epoch: 3, loss: 3.7081, accuracy: 0.0063
epoch: 3, loss: 3.0191, accuracy: 0.0141
epoch: 4, loss: 3.6675, accuracy: 0.0063
epoch: 4, loss: 3.7414, accuracy: 0.0063
epoch: 4, loss: 3.8818, accuracy: 0.0063
epoch: 4, loss: 3.7499, accuracy: 0.0078
epoch: 4, loss: 3.5990, accuracy: 0.0116
epoch: 5, loss: 3.9248, accuracy: 0.0188
epoch: 5, loss: 4.0273, accuracy: 0.0156
epoch: 5, loss: 3.8999, accuracy: 0.0125
epoch: 5, loss: 3.8109, accuracy: 0.0125
epoch: 5, loss: 3.4890, accuracy: 0.0167
epoch: 6, loss: 3.6377, accuracy: 0.0188
epoch: 6, loss: 3.8921, accuracy: 0.0094
epoch: 6, loss: 3.9222, accuracy: 0.0083
epoch: 6, loss: 3.9656, accuracy: 0.0063
epoch: 6, loss: 3.6011, accuracy: 0.0077
epoch: 7, loss: 3.7202, accuracy: 0.0250
epoch: 7, loss: 4.1534, accuracy: 0.0156
epoch: 7, loss: 4.0876, accuracy: 0.0125
epoch: 7, loss: 3.8344, accuracy: 0.0203
epoch: 7, loss: 3.6220, accuracy: 0.0193
epoch: 8, loss: 3.8309, accuracy: 0.0250
epoch: 8, loss: 3.8735, accuracy: 0.0188
epoch: 8, loss: 3.9098, accuracy: 0.0188
epoch: 8, loss: 3.9305, accuracy: 0.0203
epoch: 8, loss: 3.6540, accuracy: 0.0205
epoch: 9, loss: 4.0331, accuracy: 0.0063
epoch: 9, loss: 3.9863, accuracy: 0.0125
epoch: 9, loss: 3.9645, accuracy: 0.0104
epoch: 9, loss: 3.9307, accuracy: 0.0109
epoch: 9, loss: 3.6065, accuracy: 0.0090
epoch: 10, loss: 4.0413, accuracy: 0.0000
epoch: 10, loss: 3.9957, accuracy: 0.0000
epoch: 10, loss: 3.9855, accuracy: 0.0000
epoch: 10, loss: 3.9475, accuracy: 0.0047
epoch: 10, loss: 3.5857, accuracy: 0.0051
epoch: 11, loss: 3.9916, accuracy: 0.0000
epoch: 11, loss: 3.9701, accuracy: 0.0063
epoch: 11, loss: 3.9787, accuracy: 0.0083
epoch: 11, loss: 3.9481, accuracy: 0.0125
epoch: 11, loss: 3.5779, accuracy: 0.0141
epoch: 12, loss: 3.9705, accuracy: 0.0000
epoch: 12, loss: 3.9592, accuracy: 0.0125
epoch: 12, loss: 3.9741, accuracy: 0.0146
epoch: 12, loss: 3.9478, accuracy: 0.0172
epoch: 12, loss: 3.5722, accuracy: 0.0205
epoch: 13, loss: 3.9547, accuracy: 0.0000
epoch: 13, loss: 3.9510, accuracy: 0.0188
epoch: 13, loss: 3.9673, accuracy: 0.0229
epoch: 13, loss: 3.9452, accuracy: 0.0219
epoch: 13, loss: 3.5653, accuracy: 0.0244
epoch: 14, loss: 3.9361, accuracy: 0.0375
epoch: 14, loss: 3.9420, accuracy: 0.0281
epoch: 14, loss: 3.9528, accuracy: 0.0333
epoch: 14, loss: 3.9395, accuracy: 0.0250
epoch: 14, loss: 3.5433, accuracy: 0.0257
epoch: 15, loss: 3.8879, accuracy: 0.0625
epoch: 15, loss: 3.9292, accuracy: 0.0406
epoch: 15, loss: 3.8671, accuracy: 0.0333
epoch: 15, loss: 3.9145, accuracy: 0.0516
epoch: 15, loss: 3.5413, accuracy: 0.0424
epoch: 16, loss: 3.8151, accuracy: 0.0000
epoch: 16, loss: 3.9059, accuracy: 0.0031
epoch: 16, loss: 3.8368, accuracy: 0.0021
epoch: 16, loss: 3.8542, accuracy: 0.0063
epoch: 16, loss: 3.4119, accuracy: 0.0051
epoch: 17, loss: 3.7279, accuracy: 0.0000
epoch: 17, loss: 3.8291, accuracy: 0.0063
epoch: 17, loss: 3.8347, accuracy: 0.0042
epoch: 17, loss: 3.9613, accuracy: 0.0078
epoch: 17, loss: 3.3115, accuracy: 0.0064
epoch: 18, loss: 3.9087, accuracy: 0.0000
epoch: 18, loss: 3.8800, accuracy: 0.0156
epoch: 18, loss: 3.7811, accuracy: 0.0250
epoch: 18, loss: 3.8253, accuracy: 0.0188
epoch: 18, loss: 3.3456, accuracy: 0.0231
epoch: 19, loss: 3.8165, accuracy: 0.0063
epoch: 19, loss: 4.2457, accuracy: 0.0500
epoch: 19, loss: 3.7149, accuracy: 0.0479
epoch: 19, loss: 3.7795, accuracy: 0.0453
epoch: 19, loss: 3.4352, accuracy: 0.0372
epoch: 20, loss: 3.9333, accuracy: 0.0000
epoch: 20, loss: 3.7549, accuracy: 0.0531
epoch: 20, loss: 3.6086, accuracy: 0.0500
epoch: 20, loss: 3.8738, accuracy: 0.0375
epoch: 20, loss: 3.2562, accuracy: 0.0308
epoch: 21, loss: 3.9194, accuracy: 0.0000
epoch: 21, loss: 3.7467, accuracy: 0.0000
epoch: 21, loss: 3.4783, accuracy: 0.0042
epoch: 21, loss: 3.4557, accuracy: 0.0125
epoch: 21, loss: 3.3675, accuracy: 0.0167
epoch: 22, loss: 3.7852, accuracy: 0.0000
epoch: 22, loss: 3.5255, accuracy: 0.0437
epoch: 22, loss: 3.5514, accuracy: 0.0500
epoch: 22, loss: 3.7697, accuracy: 0.0422
epoch: 22, loss: 2.9968, accuracy: 0.0398
epoch: 23, loss: 3.8470, accuracy: 0.0000
epoch: 23, loss: 3.6321, accuracy: 0.0125
epoch: 23, loss: 3.2355, accuracy: 0.0250
epoch: 23, loss: 3.5022, accuracy: 0.0297
epoch: 23, loss: 3.0551, accuracy: 0.0244
epoch: 24, loss: 3.6260, accuracy: 0.0000
epoch: 24, loss: 3.4431, accuracy: 0.0188
epoch: 24, loss: 3.0248, accuracy: 0.0771
epoch: 24, loss: 3.4501, accuracy: 0.0594
epoch: 24, loss: 2.9541, accuracy: 0.0501
epoch: 25, loss: 3.6476, accuracy: 0.0000
epoch: 25, loss: 3.7349, accuracy: 0.0000
epoch: 25, loss: 3.3780, accuracy: 0.0500
epoch: 25, loss: 3.4441, accuracy: 0.0625
epoch: 25, loss: 3.0526, accuracy: 0.0629
epoch: 26, loss: 3.5542, accuracy: 0.0125
epoch: 26, loss: 3.2479, accuracy: 0.0750
epoch: 26, loss: 2.8769, accuracy: 0.0896
epoch: 26, loss: 3.3062, accuracy: 0.0859
epoch: 26, loss: 2.8403, accuracy: 0.0834
epoch: 27, loss: 3.1413, accuracy: 0.0938
epoch: 27, loss: 3.3152, accuracy: 0.1125
epoch: 27, loss: 2.7277, accuracy: 0.1292
epoch: 27, loss: 3.0916, accuracy: 0.1266
epoch: 27, loss: 2.6074, accuracy: 0.1207
epoch: 28, loss: 3.3852, accuracy: 0.0812
epoch: 28, loss: 2.9064, accuracy: 0.1406
epoch: 28, loss: 3.0088, accuracy: 0.1229
epoch: 28, loss: 3.0863, accuracy: 0.0984
epoch: 28, loss: 2.9590, accuracy: 0.0847
epoch: 29, loss: 3.5483, accuracy: 0.0312
epoch: 29, loss: 3.0918, accuracy: 0.0656
epoch: 29, loss: 2.5661, accuracy: 0.0812
epoch: 29, loss: 2.7024, accuracy: 0.0938
epoch: 29, loss: 2.7291, accuracy: 0.0860
epoch: 30, loss: 3.1625, accuracy: 0.0875
epoch: 30, loss: 3.0556, accuracy: 0.0656
epoch: 30, loss: 2.6030, accuracy: 0.0812
epoch: 30, loss: 2.6053, accuracy: 0.1187
epoch: 30, loss: 3.1533, accuracy: 0.1040
epoch: 31, loss: 2.9794, accuracy: 0.0875
epoch: 31, loss: 3.1114, accuracy: 0.1000
epoch: 31, loss: 2.6071, accuracy: 0.1417
epoch: 31, loss: 2.9871, accuracy: 0.1375
epoch: 31, loss: 2.1901, accuracy: 0.1579
epoch: 32, loss: 2.9733, accuracy: 0.1000
epoch: 32, loss: 2.4274, accuracy: 0.1375
epoch: 32, loss: 1.9572, accuracy: 0.2000
epoch: 32, loss: 2.4286, accuracy: 0.1750
epoch: 32, loss: 2.3415, accuracy: 0.1836
epoch: 33, loss: 2.5973, accuracy: 0.1312
epoch: 33, loss: 2.2210, accuracy: 0.2531
epoch: 33, loss: 1.6996, accuracy: 0.3000
epoch: 33, loss: 2.4330, accuracy: 0.2812
epoch: 33, loss: 1.9031, accuracy: 0.2965
epoch: 34, loss: 2.2968, accuracy: 0.2500
epoch: 34, loss: 2.1378, accuracy: 0.2656
epoch: 34, loss: 1.5816, accuracy: 0.3229
epoch: 34, loss: 2.3083, accuracy: 0.3063
epoch: 34, loss: 1.6922, accuracy: 0.3132
epoch: 35, loss: 2.3437, accuracy: 0.2875
epoch: 35, loss: 1.9872, accuracy: 0.2906
epoch: 35, loss: 1.8400, accuracy: 0.3333
epoch: 35, loss: 2.8527, accuracy: 0.3000
epoch: 35, loss: 2.0580, accuracy: 0.2940
epoch: 36, loss: 2.5732, accuracy: 0.1875
epoch: 36, loss: 2.1563, accuracy: 0.2594
epoch: 36, loss: 1.6473, accuracy: 0.3208
epoch: 36, loss: 2.1793, accuracy: 0.3187
epoch: 36, loss: 2.0911, accuracy: 0.3081
epoch: 37, loss: 2.1606, accuracy: 0.2750
epoch: 37, loss: 1.8871, accuracy: 0.3094
epoch: 37, loss: 1.3501, accuracy: 0.3688
epoch: 37, loss: 2.2006, accuracy: 0.3234
epoch: 37, loss: 1.6757, accuracy: 0.3222
epoch: 38, loss: 1.9235, accuracy: 0.3562
epoch: 38, loss: 1.4922, accuracy: 0.4156
epoch: 38, loss: 1.4904, accuracy: 0.4583
epoch: 38, loss: 1.9358, accuracy: 0.4375
epoch: 38, loss: 1.3493, accuracy: 0.4403
epoch: 39, loss: 1.6630, accuracy: 0.3688
epoch: 39, loss: 1.4895, accuracy: 0.4219
epoch: 39, loss: 1.2303, accuracy: 0.4333
epoch: 39, loss: 1.7274, accuracy: 0.4187
epoch: 39, loss: 1.1569, accuracy: 0.4429
epoch: 40, loss: 1.4618, accuracy: 0.5312
epoch: 40, loss: 1.5070, accuracy: 0.5406
epoch: 40, loss: 1.3663, accuracy: 0.5417
epoch: 40, loss: 1.5285, accuracy: 0.5125
epoch: 40, loss: 1.2958, accuracy: 0.5083
epoch: 41, loss: 1.5643, accuracy: 0.4437
epoch: 41, loss: 1.3441, accuracy: 0.5000
epoch: 41, loss: 1.0057, accuracy: 0.5667
epoch: 41, loss: 1.2768, accuracy: 0.5766
epoch: 41, loss: 1.1284, accuracy: 0.6008
epoch: 42, loss: 1.3932, accuracy: 0.5250
epoch: 42, loss: 1.0119, accuracy: 0.6125
epoch: 42, loss: 0.8009, accuracy: 0.6375
epoch: 42, loss: 1.1895, accuracy: 0.6406
epoch: 42, loss: 0.8463, accuracy: 0.6508
epoch: 43, loss: 1.1252, accuracy: 0.6625
epoch: 43, loss: 0.8223, accuracy: 0.7156
epoch: 43, loss: 0.9494, accuracy: 0.6917
epoch: 43, loss: 1.1421, accuracy: 0.6719
epoch: 43, loss: 0.6585, accuracy: 0.7150
epoch: 44, loss: 0.9283, accuracy: 0.8000
epoch: 44, loss: 0.8065, accuracy: 0.7969
epoch: 44, loss: 0.9520, accuracy: 0.7500
epoch: 44, loss: 1.0291, accuracy: 0.7406
epoch: 44, loss: 0.7100, accuracy: 0.7471
epoch: 45, loss: 0.9994, accuracy: 0.7000
epoch: 45, loss: 0.8859, accuracy: 0.7406
epoch: 45, loss: 0.6561, accuracy: 0.7458
epoch: 45, loss: 1.2294, accuracy: 0.6875
epoch: 45, loss: 0.7180, accuracy: 0.7035
epoch: 46, loss: 1.3567, accuracy: 0.5750
epoch: 46, loss: 0.6881, accuracy: 0.7188
epoch: 46, loss: 0.5092, accuracy: 0.7583
epoch: 46, loss: 0.8167, accuracy: 0.7656
epoch: 46, loss: 0.6990, accuracy: 0.7625
epoch: 47, loss: 0.6879, accuracy: 0.8313
epoch: 47, loss: 0.6258, accuracy: 0.8094
epoch: 47, loss: 0.4661, accuracy: 0.8292
epoch: 47, loss: 0.6662, accuracy: 0.8328
epoch: 47, loss: 0.4221, accuracy: 0.8511
epoch: 48, loss: 0.5523, accuracy: 0.9125
epoch: 48, loss: 0.4435, accuracy: 0.9000
epoch: 48, loss: 0.5432, accuracy: 0.8625
epoch: 48, loss: 0.5312, accuracy: 0.8641
epoch: 48, loss: 0.3228, accuracy: 0.8806
epoch: 49, loss: 0.4372, accuracy: 0.9250
epoch: 49, loss: 0.3263, accuracy: 0.9219
epoch: 49, loss: 0.3755, accuracy: 0.8958
epoch: 49, loss: 0.4347, accuracy: 0.8906
epoch: 49, loss: 0.3059, accuracy: 0.9012
epoch: 50, loss: 0.3216, accuracy: 0.9688
epoch: 50, loss: 0.2603, accuracy: 0.9500
epoch: 50, loss: 0.3173, accuracy: 0.9146
epoch: 50, loss: 0.3383, accuracy: 0.9172
epoch: 50, loss: 0.2665, accuracy: 0.9217
