epoch: 1, loss: 3.9593, accuracy: 0.0000
epoch: 1, loss: 4.0075, accuracy: 0.0000
epoch: 1, loss: 4.0436, accuracy: 0.0000
epoch: 1, loss: 4.0138, accuracy: 0.0000
epoch: 1, loss: 3.4178, accuracy: 0.0000
epoch: 2, loss: 4.7911, accuracy: 0.0000
epoch: 2, loss: 4.0530, accuracy: 0.0000
epoch: 2, loss: 3.9253, accuracy: 0.0000
epoch: 2, loss: 3.8587, accuracy: 0.0000
epoch: 2, loss: 3.0391, accuracy: 0.0000
epoch: 3, loss: 3.9295, accuracy: 0.0000
epoch: 3, loss: 3.8111, accuracy: 0.0000
epoch: 3, loss: 3.9349, accuracy: 0.0000
epoch: 3, loss: 3.8876, accuracy: 0.0047
epoch: 3, loss: 3.3841, accuracy: 0.0116
epoch: 4, loss: 3.9037, accuracy: 0.0000
epoch: 4, loss: 3.7784, accuracy: 0.0156
epoch: 4, loss: 3.8201, accuracy: 0.0104
epoch: 4, loss: 3.6679, accuracy: 0.0109
epoch: 4, loss: 3.6252, accuracy: 0.0116
epoch: 5, loss: 3.9393, accuracy: 0.0250
epoch: 5, loss: 3.9716, accuracy: 0.0156
epoch: 5, loss: 4.0814, accuracy: 0.0188
epoch: 5, loss: 4.0488, accuracy: 0.0156
epoch: 5, loss: 3.6900, accuracy: 0.0180
epoch: 6, loss: 3.9425, accuracy: 0.0125
epoch: 6, loss: 3.9107, accuracy: 0.0250
epoch: 6, loss: 3.9609, accuracy: 0.0333
epoch: 6, loss: 3.9696, accuracy: 0.0297
epoch: 6, loss: 3.6586, accuracy: 0.0257
epoch: 7, loss: 3.9179, accuracy: 0.0000
epoch: 7, loss: 3.9260, accuracy: 0.0156
epoch: 7, loss: 3.9737, accuracy: 0.0188
epoch: 7, loss: 3.9255, accuracy: 0.0188
epoch: 7, loss: 3.6084, accuracy: 0.0205
epoch: 8, loss: 3.9093, accuracy: 0.0188
epoch: 8, loss: 3.8998, accuracy: 0.0312
epoch: 8, loss: 4.0071, accuracy: 0.0312
epoch: 8, loss: 4.0036, accuracy: 0.0266
epoch: 8, loss: 3.5952, accuracy: 0.0244
epoch: 9, loss: 3.9351, accuracy: 0.0500
epoch: 9, loss: 3.9206, accuracy: 0.0469
epoch: 9, loss: 3.9739, accuracy: 0.0396
epoch: 9, loss: 3.9925, accuracy: 0.0328
epoch: 9, loss: 3.5845, accuracy: 0.0270
epoch: 10, loss: 3.9295, accuracy: 0.0625
epoch: 10, loss: 3.9181, accuracy: 0.0750
epoch: 10, loss: 3.9611, accuracy: 0.0646
epoch: 10, loss: 3.9747, accuracy: 0.0500
epoch: 10, loss: 3.5691, accuracy: 0.0411
epoch: 11, loss: 3.9205, accuracy: 0.1000
epoch: 11, loss: 3.9085, accuracy: 0.0969
epoch: 11, loss: 3.9451, accuracy: 0.0833
epoch: 11, loss: 3.9588, accuracy: 0.0656
epoch: 11, loss: 3.5456, accuracy: 0.0539
epoch: 12, loss: 3.8926, accuracy: 0.1125
epoch: 12, loss: 3.8718, accuracy: 0.1125
epoch: 12, loss: 3.8982, accuracy: 0.0938
epoch: 12, loss: 3.9309, accuracy: 0.0719
epoch: 12, loss: 3.4701, accuracy: 0.0603
epoch: 13, loss: 3.7688, accuracy: 0.1063
epoch: 13, loss: 3.7008, accuracy: 0.1375
epoch: 13, loss: 3.8338, accuracy: 0.0958
epoch: 13, loss: 3.8295, accuracy: 0.0719
epoch: 13, loss: 3.4221, accuracy: 0.0603
epoch: 14, loss: 3.8139, accuracy: 0.0000
epoch: 14, loss: 3.6554, accuracy: 0.0125
epoch: 14, loss: 3.4649, accuracy: 0.0125
epoch: 14, loss: 4.0270, accuracy: 0.0109
epoch: 14, loss: 3.2527, accuracy: 0.0090
epoch: 15, loss: 3.5717, accuracy: 0.0188
epoch: 15, loss: 3.8033, accuracy: 0.0188
epoch: 15, loss: 3.7100, accuracy: 0.0250
epoch: 15, loss: 3.6459, accuracy: 0.0359
epoch: 15, loss: 3.3414, accuracy: 0.0385
epoch: 16, loss: 3.6606, accuracy: 0.1000
epoch: 16, loss: 3.8451, accuracy: 0.0531
epoch: 16, loss: 3.4687, accuracy: 0.0375
epoch: 16, loss: 3.6383, accuracy: 0.0312
epoch: 16, loss: 3.1856, accuracy: 0.0295
epoch: 17, loss: 3.6935, accuracy: 0.0125
epoch: 17, loss: 3.5566, accuracy: 0.0250
epoch: 17, loss: 3.2796, accuracy: 0.0708
epoch: 17, loss: 3.4728, accuracy: 0.0578
epoch: 17, loss: 2.9678, accuracy: 0.0513
epoch: 18, loss: 3.4185, accuracy: 0.0312
epoch: 18, loss: 2.9966, accuracy: 0.0875
epoch: 18, loss: 3.1545, accuracy: 0.0792
epoch: 18, loss: 3.2946, accuracy: 0.0703
epoch: 18, loss: 2.8239, accuracy: 0.0680
epoch: 19, loss: 3.5458, accuracy: 0.0000
epoch: 19, loss: 2.8658, accuracy: 0.1187
epoch: 19, loss: 3.1586, accuracy: 0.1271
epoch: 19, loss: 3.5261, accuracy: 0.1094
epoch: 19, loss: 2.7506, accuracy: 0.0976
epoch: 20, loss: 3.1444, accuracy: 0.0500
epoch: 20, loss: 2.6768, accuracy: 0.1594
epoch: 20, loss: 2.6365, accuracy: 0.1562
epoch: 20, loss: 2.9830, accuracy: 0.1422
epoch: 20, loss: 2.5012, accuracy: 0.1309
epoch: 21, loss: 2.9696, accuracy: 0.0812
epoch: 21, loss: 2.7299, accuracy: 0.0750
epoch: 21, loss: 2.5500, accuracy: 0.1146
epoch: 21, loss: 2.7479, accuracy: 0.1312
epoch: 21, loss: 2.3333, accuracy: 0.1361
epoch: 22, loss: 3.1584, accuracy: 0.0688
epoch: 22, loss: 2.3790, accuracy: 0.1156
epoch: 22, loss: 2.7166, accuracy: 0.1375
epoch: 22, loss: 2.7518, accuracy: 0.1141
epoch: 22, loss: 2.2364, accuracy: 0.1271
epoch: 23, loss: 2.7541, accuracy: 0.2125
epoch: 23, loss: 2.4322, accuracy: 0.3000
epoch: 23, loss: 2.1717, accuracy: 0.3042
epoch: 23, loss: 2.3904, accuracy: 0.2750
epoch: 23, loss: 2.1209, accuracy: 0.2567
epoch: 24, loss: 2.3766, accuracy: 0.3187
epoch: 24, loss: 2.1319, accuracy: 0.2875
epoch: 24, loss: 2.0553, accuracy: 0.2875
epoch: 24, loss: 2.2426, accuracy: 0.2766
epoch: 24, loss: 1.8503, accuracy: 0.2927
epoch: 25, loss: 2.2677, accuracy: 0.2438
epoch: 25, loss: 1.7700, accuracy: 0.3187
epoch: 25, loss: 1.7713, accuracy: 0.3417
epoch: 25, loss: 2.3110, accuracy: 0.2922
epoch: 25, loss: 1.9575, accuracy: 0.2657
epoch: 26, loss: 2.5842, accuracy: 0.2188
epoch: 26, loss: 1.9659, accuracy: 0.3094
epoch: 26, loss: 1.5851, accuracy: 0.3562
epoch: 26, loss: 1.8391, accuracy: 0.3609
epoch: 26, loss: 1.6045, accuracy: 0.3620
epoch: 27, loss: 1.9994, accuracy: 0.3375
epoch: 27, loss: 1.3192, accuracy: 0.4781
epoch: 27, loss: 1.2464, accuracy: 0.5167
epoch: 27, loss: 1.5410, accuracy: 0.5156
epoch: 27, loss: 1.3057, accuracy: 0.5212
epoch: 28, loss: 1.7887, accuracy: 0.4187
epoch: 28, loss: 1.0873, accuracy: 0.5938
epoch: 28, loss: 1.4479, accuracy: 0.5896
epoch: 28, loss: 1.3397, accuracy: 0.5953
epoch: 28, loss: 1.2271, accuracy: 0.6021
epoch: 29, loss: 1.6016, accuracy: 0.4688
epoch: 29, loss: 0.9642, accuracy: 0.6094
epoch: 29, loss: 1.0586, accuracy: 0.6417
epoch: 29, loss: 1.3795, accuracy: 0.6297
epoch: 29, loss: 1.2649, accuracy: 0.6123
epoch: 30, loss: 1.9772, accuracy: 0.2750
epoch: 30, loss: 1.4299, accuracy: 0.4187
epoch: 30, loss: 1.0789, accuracy: 0.5271
epoch: 30, loss: 1.6187, accuracy: 0.5266
epoch: 30, loss: 1.3980, accuracy: 0.5173
epoch: 31, loss: 1.6838, accuracy: 0.4437
epoch: 31, loss: 1.0295, accuracy: 0.5938
epoch: 31, loss: 0.9980, accuracy: 0.6042
epoch: 31, loss: 1.1195, accuracy: 0.5969
epoch: 31, loss: 1.1069, accuracy: 0.6021
epoch: 32, loss: 1.3770, accuracy: 0.5813
epoch: 32, loss: 0.6640, accuracy: 0.7156
epoch: 32, loss: 0.6397, accuracy: 0.7521
epoch: 32, loss: 0.7698, accuracy: 0.7734
epoch: 32, loss: 1.1174, accuracy: 0.7497
epoch: 33, loss: 1.0433, accuracy: 0.6812
epoch: 33, loss: 0.5090, accuracy: 0.8125
epoch: 33, loss: 0.6415, accuracy: 0.8104
epoch: 33, loss: 0.7337, accuracy: 0.8234
epoch: 33, loss: 0.8712, accuracy: 0.8049
epoch: 34, loss: 1.3140, accuracy: 0.7063
epoch: 34, loss: 0.4933, accuracy: 0.7875
epoch: 34, loss: 0.4355, accuracy: 0.8229
epoch: 34, loss: 0.7074, accuracy: 0.8297
epoch: 34, loss: 0.7645, accuracy: 0.8087
epoch: 35, loss: 0.9566, accuracy: 0.7312
epoch: 35, loss: 0.3777, accuracy: 0.8375
epoch: 35, loss: 0.4876, accuracy: 0.8500
epoch: 35, loss: 0.4986, accuracy: 0.8656
epoch: 35, loss: 0.6359, accuracy: 0.8524
epoch: 36, loss: 0.6611, accuracy: 0.8125
epoch: 36, loss: 0.2871, accuracy: 0.8844
epoch: 36, loss: 0.3405, accuracy: 0.8917
epoch: 36, loss: 0.4004, accuracy: 0.9016
epoch: 36, loss: 0.5221, accuracy: 0.8973
epoch: 37, loss: 0.5888, accuracy: 0.7688
epoch: 37, loss: 0.2406, accuracy: 0.8594
epoch: 37, loss: 0.3143, accuracy: 0.8687
epoch: 37, loss: 0.4088, accuracy: 0.8859
epoch: 37, loss: 0.4840, accuracy: 0.8768
epoch: 38, loss: 0.5971, accuracy: 0.8250
epoch: 38, loss: 0.2806, accuracy: 0.8813
epoch: 38, loss: 0.2076, accuracy: 0.9104
epoch: 38, loss: 0.4398, accuracy: 0.9094
epoch: 38, loss: 0.6090, accuracy: 0.8870
epoch: 39, loss: 0.6782, accuracy: 0.8562
epoch: 39, loss: 0.2709, accuracy: 0.9187
epoch: 39, loss: 0.3054, accuracy: 0.9354
epoch: 39, loss: 0.3584, accuracy: 0.9438
epoch: 39, loss: 0.5241, accuracy: 0.9268
epoch: 40, loss: 0.4735, accuracy: 0.9187
epoch: 40, loss: 0.2041, accuracy: 0.9469
epoch: 40, loss: 0.2941, accuracy: 0.9271
epoch: 40, loss: 0.2214, accuracy: 0.9406
epoch: 40, loss: 0.2949, accuracy: 0.9422
epoch: 41, loss: 0.3701, accuracy: 0.9125
epoch: 41, loss: 0.1289, accuracy: 0.9500
epoch: 41, loss: 0.2532, accuracy: 0.9354
epoch: 41, loss: 0.3119, accuracy: 0.9438
epoch: 41, loss: 0.2253, accuracy: 0.9461
epoch: 42, loss: 0.2974, accuracy: 0.9563
epoch: 42, loss: 0.1308, accuracy: 0.9719
epoch: 42, loss: 0.1228, accuracy: 0.9750
epoch: 42, loss: 0.1764, accuracy: 0.9797
epoch: 42, loss: 0.1869, accuracy: 0.9782
epoch: 43, loss: 0.2056, accuracy: 0.9688
epoch: 43, loss: 0.1325, accuracy: 0.9750
epoch: 43, loss: 0.0971, accuracy: 0.9812
epoch: 43, loss: 0.1234, accuracy: 0.9844
epoch: 43, loss: 0.1548, accuracy: 0.9820
epoch: 44, loss: 0.1697, accuracy: 0.9875
epoch: 44, loss: 0.0934, accuracy: 0.9844
epoch: 44, loss: 0.0857, accuracy: 0.9833
epoch: 44, loss: 0.1046, accuracy: 0.9844
epoch: 44, loss: 0.1367, accuracy: 0.9820
epoch: 45, loss: 0.1378, accuracy: 0.9812
epoch: 45, loss: 0.1013, accuracy: 0.9812
epoch: 45, loss: 0.0786, accuracy: 0.9875
epoch: 45, loss: 0.1023, accuracy: 0.9875
epoch: 45, loss: 0.1124, accuracy: 0.9884
epoch: 46, loss: 0.1206, accuracy: 1.0000
epoch: 46, loss: 0.0804, accuracy: 0.9937
epoch: 46, loss: 0.0726, accuracy: 0.9937
epoch: 46, loss: 0.1069, accuracy: 0.9891
epoch: 46, loss: 0.1027, accuracy: 0.9897
epoch: 47, loss: 0.1021, accuracy: 0.9937
epoch: 47, loss: 0.0634, accuracy: 0.9937
epoch: 47, loss: 0.0661, accuracy: 0.9958
epoch: 47, loss: 0.0956, accuracy: 0.9906
epoch: 47, loss: 0.0896, accuracy: 0.9910
epoch: 48, loss: 0.0944, accuracy: 0.9937
epoch: 48, loss: 0.0520, accuracy: 0.9969
epoch: 48, loss: 0.0608, accuracy: 0.9937
epoch: 48, loss: 0.0757, accuracy: 0.9906
epoch: 48, loss: 0.0827, accuracy: 0.9897
epoch: 49, loss: 0.0923, accuracy: 0.9875
epoch: 49, loss: 0.0483, accuracy: 0.9937
epoch: 49, loss: 0.0577, accuracy: 0.9937
epoch: 49, loss: 0.0617, accuracy: 0.9937
epoch: 49, loss: 0.0787, accuracy: 0.9923
epoch: 50, loss: 0.0917, accuracy: 0.9875
epoch: 50, loss: 0.0506, accuracy: 0.9875
epoch: 50, loss: 0.0539, accuracy: 0.9896
epoch: 50, loss: 0.0563, accuracy: 0.9922
epoch: 50, loss: 0.0821, accuracy: 0.9923
epoch: 51, loss: 0.0816, accuracy: 0.9875
epoch: 51, loss: 0.0697, accuracy: 0.9844
epoch: 51, loss: 0.0543, accuracy: 0.9875
epoch: 51, loss: 0.0564, accuracy: 0.9891
epoch: 51, loss: 0.0810, accuracy: 0.9872
epoch: 52, loss: 0.0691, accuracy: 0.9875
epoch: 52, loss: 0.0649, accuracy: 0.9844
epoch: 52, loss: 0.0608, accuracy: 0.9833
epoch: 52, loss: 0.0529, accuracy: 0.9859
epoch: 52, loss: 0.0767, accuracy: 0.9859
epoch: 53, loss: 0.0648, accuracy: 0.9937
epoch: 53, loss: 0.0653, accuracy: 0.9844
epoch: 53, loss: 0.0624, accuracy: 0.9833
epoch: 53, loss: 0.0514, accuracy: 0.9859
epoch: 53, loss: 0.0795, accuracy: 0.9846
epoch: 54, loss: 0.0627, accuracy: 0.9937
epoch: 54, loss: 0.0512, accuracy: 0.9937
epoch: 54, loss: 0.0645, accuracy: 0.9917
epoch: 54, loss: 0.0483, accuracy: 0.9922
epoch: 54, loss: 0.0735, accuracy: 0.9897
epoch: 55, loss: 0.0561, accuracy: 1.0000
epoch: 55, loss: 0.0544, accuracy: 0.9937
epoch: 55, loss: 0.0502, accuracy: 0.9937
epoch: 55, loss: 0.0442, accuracy: 0.9922
epoch: 55, loss: 0.0588, accuracy: 0.9910
epoch: 56, loss: 0.0627, accuracy: 0.9937
epoch: 56, loss: 0.0346, accuracy: 0.9937
epoch: 56, loss: 0.0344, accuracy: 0.9958
epoch: 56, loss: 0.0420, accuracy: 0.9953
epoch: 56, loss: 0.0451, accuracy: 0.9949
epoch: 57, loss: 0.0807, accuracy: 0.9750
epoch: 57, loss: 0.0279, accuracy: 0.9875
epoch: 57, loss: 0.0293, accuracy: 0.9917
epoch: 57, loss: 0.0421, accuracy: 0.9922
epoch: 57, loss: 0.0443, accuracy: 0.9923
epoch: 58, loss: 0.0962, accuracy: 0.9688
epoch: 58, loss: 0.0280, accuracy: 0.9844
epoch: 58, loss: 0.0308, accuracy: 0.9896
epoch: 58, loss: 0.0469, accuracy: 0.9875
epoch: 58, loss: 0.0501, accuracy: 0.9884
epoch: 59, loss: 0.0744, accuracy: 0.9812
epoch: 59, loss: 0.0259, accuracy: 0.9906
epoch: 59, loss: 0.0323, accuracy: 0.9937
epoch: 59, loss: 0.0499, accuracy: 0.9937
epoch: 59, loss: 0.0568, accuracy: 0.9910
epoch: 60, loss: 0.0559, accuracy: 0.9937
epoch: 60, loss: 0.0246, accuracy: 0.9969
epoch: 60, loss: 0.0326, accuracy: 0.9958
epoch: 60, loss: 0.0515, accuracy: 0.9953
epoch: 60, loss: 0.0664, accuracy: 0.9923
epoch: 61, loss: 0.0434, accuracy: 1.0000
epoch: 61, loss: 0.0213, accuracy: 1.0000
epoch: 61, loss: 0.0302, accuracy: 0.9979
epoch: 61, loss: 0.0381, accuracy: 0.9969
epoch: 61, loss: 0.0447, accuracy: 0.9949
epoch: 62, loss: 0.0400, accuracy: 1.0000
epoch: 62, loss: 0.0211, accuracy: 1.0000
epoch: 62, loss: 0.0325, accuracy: 0.9979
epoch: 62, loss: 0.0301, accuracy: 0.9969
epoch: 62, loss: 0.0379, accuracy: 0.9949
epoch: 63, loss: 0.0387, accuracy: 1.0000
epoch: 63, loss: 0.0221, accuracy: 0.9969
epoch: 63, loss: 0.0433, accuracy: 0.9937
epoch: 63, loss: 0.0290, accuracy: 0.9937
epoch: 63, loss: 0.0303, accuracy: 0.9949
epoch: 64, loss: 0.0434, accuracy: 0.9875
epoch: 64, loss: 0.0275, accuracy: 0.9906
epoch: 64, loss: 0.0492, accuracy: 0.9896
epoch: 64, loss: 0.0367, accuracy: 0.9891
epoch: 64, loss: 0.0281, accuracy: 0.9910
epoch: 65, loss: 0.0452, accuracy: 0.9812
epoch: 65, loss: 0.0239, accuracy: 0.9875
epoch: 65, loss: 0.0320, accuracy: 0.9896
epoch: 65, loss: 0.0363, accuracy: 0.9906
epoch: 65, loss: 0.0329, accuracy: 0.9910
epoch: 66, loss: 0.0418, accuracy: 0.9937
epoch: 66, loss: 0.0177, accuracy: 0.9969
epoch: 66, loss: 0.0212, accuracy: 0.9979
epoch: 66, loss: 0.0297, accuracy: 0.9969
epoch: 66, loss: 0.0370, accuracy: 0.9961
epoch: 67, loss: 0.0397, accuracy: 0.9937
epoch: 67, loss: 0.0162, accuracy: 0.9969
epoch: 67, loss: 0.0160, accuracy: 0.9979
epoch: 67, loss: 0.0250, accuracy: 0.9984
epoch: 67, loss: 0.0227, accuracy: 0.9987
epoch: 68, loss: 0.0415, accuracy: 0.9812
epoch: 68, loss: 0.0195, accuracy: 0.9875
epoch: 68, loss: 0.0159, accuracy: 0.9917
epoch: 68, loss: 0.0410, accuracy: 0.9922
epoch: 68, loss: 0.0199, accuracy: 0.9936
epoch: 69, loss: 0.0301, accuracy: 0.9937
epoch: 69, loss: 0.0306, accuracy: 0.9937
epoch: 69, loss: 0.0141, accuracy: 0.9958
epoch: 69, loss: 0.0370, accuracy: 0.9953
epoch: 69, loss: 0.0203, accuracy: 0.9961
epoch: 70, loss: 0.0247, accuracy: 1.0000
epoch: 70, loss: 0.0328, accuracy: 0.9969
epoch: 70, loss: 0.0141, accuracy: 0.9979
epoch: 70, loss: 0.0315, accuracy: 0.9969
epoch: 70, loss: 0.0389, accuracy: 0.9961
epoch: 71, loss: 0.0244, accuracy: 1.0000
epoch: 71, loss: 0.0192, accuracy: 1.0000
epoch: 71, loss: 0.0140, accuracy: 1.0000
epoch: 71, loss: 0.0227, accuracy: 1.0000
epoch: 71, loss: 0.0815, accuracy: 0.9961
epoch: 72, loss: 0.0234, accuracy: 1.0000
epoch: 72, loss: 0.0258, accuracy: 0.9969
epoch: 72, loss: 0.0135, accuracy: 0.9979
epoch: 72, loss: 0.0228, accuracy: 0.9969
epoch: 72, loss: 0.0520, accuracy: 0.9936
epoch: 73, loss: 0.0374, accuracy: 0.9937
epoch: 73, loss: 0.0265, accuracy: 0.9937
epoch: 73, loss: 0.0140, accuracy: 0.9958
epoch: 73, loss: 0.0274, accuracy: 0.9937
epoch: 73, loss: 0.0424, accuracy: 0.9910
epoch: 74, loss: 0.0319, accuracy: 0.9937
epoch: 74, loss: 0.0152, accuracy: 0.9969
epoch: 74, loss: 0.0150, accuracy: 0.9979
epoch: 74, loss: 0.0288, accuracy: 0.9953
epoch: 74, loss: 0.0247, accuracy: 0.9949
epoch: 75, loss: 0.0426, accuracy: 0.9812
epoch: 75, loss: 0.0153, accuracy: 0.9906
epoch: 75, loss: 0.0163, accuracy: 0.9917
epoch: 75, loss: 0.0234, accuracy: 0.9937
epoch: 75, loss: 0.0203, accuracy: 0.9949
epoch: 76, loss: 0.0427, accuracy: 0.9875
epoch: 76, loss: 0.0453, accuracy: 0.9906
epoch: 76, loss: 0.0248, accuracy: 0.9917
epoch: 76, loss: 0.0234, accuracy: 0.9937
epoch: 76, loss: 0.0171, accuracy: 0.9949
epoch: 77, loss: 0.0389, accuracy: 0.9812
epoch: 77, loss: 0.0226, accuracy: 0.9875
epoch: 77, loss: 0.0336, accuracy: 0.9896
epoch: 77, loss: 0.0219, accuracy: 0.9906
epoch: 77, loss: 0.0151, accuracy: 0.9923
epoch: 78, loss: 0.0476, accuracy: 0.9812
epoch: 78, loss: 0.0269, accuracy: 0.9875
epoch: 78, loss: 0.0310, accuracy: 0.9896
epoch: 78, loss: 0.0237, accuracy: 0.9906
epoch: 78, loss: 0.0196, accuracy: 0.9910
epoch: 79, loss: 0.0514, accuracy: 0.9875
epoch: 79, loss: 0.0129, accuracy: 0.9937
epoch: 79, loss: 0.0282, accuracy: 0.9937
epoch: 79, loss: 0.0236, accuracy: 0.9937
epoch: 79, loss: 0.0241, accuracy: 0.9923
epoch: 80, loss: 0.0477, accuracy: 0.9937
epoch: 80, loss: 0.0097, accuracy: 0.9969
epoch: 80, loss: 0.0110, accuracy: 0.9979
epoch: 80, loss: 0.0241, accuracy: 0.9953
epoch: 80, loss: 0.0358, accuracy: 0.9936
epoch: 81, loss: 0.0437, accuracy: 0.9937
epoch: 81, loss: 0.0097, accuracy: 0.9969
epoch: 81, loss: 0.0118, accuracy: 0.9979
epoch: 81, loss: 0.0230, accuracy: 0.9953
epoch: 81, loss: 0.0252, accuracy: 0.9936
epoch: 82, loss: 0.0287, accuracy: 0.9937
epoch: 82, loss: 0.0090, accuracy: 0.9969
epoch: 82, loss: 0.0118, accuracy: 0.9979
epoch: 82, loss: 0.0166, accuracy: 0.9969
epoch: 82, loss: 0.0280, accuracy: 0.9961
epoch: 83, loss: 0.0264, accuracy: 0.9937
epoch: 83, loss: 0.0097, accuracy: 0.9969
epoch: 83, loss: 0.0115, accuracy: 0.9979
epoch: 83, loss: 0.0125, accuracy: 0.9984
epoch: 83, loss: 0.0247, accuracy: 0.9974
epoch: 84, loss: 0.0176, accuracy: 1.0000
epoch: 84, loss: 0.0195, accuracy: 0.9969
epoch: 84, loss: 0.0117, accuracy: 0.9958
epoch: 84, loss: 0.0106, accuracy: 0.9969
epoch: 84, loss: 0.0292, accuracy: 0.9961
epoch: 85, loss: 0.0163, accuracy: 1.0000
epoch: 85, loss: 0.0289, accuracy: 0.9969
epoch: 85, loss: 0.0125, accuracy: 0.9958
epoch: 85, loss: 0.0099, accuracy: 0.9969
epoch: 85, loss: 0.0221, accuracy: 0.9961
epoch: 86, loss: 0.0145, accuracy: 1.0000
epoch: 86, loss: 0.1170, accuracy: 0.9875
epoch: 86, loss: 0.0361, accuracy: 0.9896
epoch: 86, loss: 0.0206, accuracy: 0.9922
epoch: 86, loss: 0.0494, accuracy: 0.9897
epoch: 87, loss: 0.0201, accuracy: 1.0000
epoch: 87, loss: 0.0384, accuracy: 0.9937
epoch: 87, loss: 0.0266, accuracy: 0.9937
epoch: 87, loss: 0.0186, accuracy: 0.9937
epoch: 87, loss: 0.0488, accuracy: 0.9923
epoch: 88, loss: 0.0381, accuracy: 0.9937
epoch: 88, loss: 0.1730, accuracy: 0.9750
epoch: 88, loss: 0.3423, accuracy: 0.9500
epoch: 88, loss: 0.1130, accuracy: 0.9563
epoch: 88, loss: 0.6928, accuracy: 0.9243
epoch: 89, loss: 0.4063, accuracy: 0.8813
epoch: 89, loss: 0.6457, accuracy: 0.8656
epoch: 89, loss: 1.6445, accuracy: 0.8083
epoch: 89, loss: 1.4166, accuracy: 0.7531
epoch: 89, loss: 1.3248, accuracy: 0.6983
epoch: 90, loss: 2.2017, accuracy: 0.4563
epoch: 90, loss: 0.9902, accuracy: 0.6000
epoch: 90, loss: 1.4266, accuracy: 0.5958
epoch: 90, loss: 0.9978, accuracy: 0.5922
epoch: 90, loss: 0.8960, accuracy: 0.6059
epoch: 91, loss: 1.9846, accuracy: 0.4812
epoch: 91, loss: 0.6584, accuracy: 0.6531
epoch: 91, loss: 0.7597, accuracy: 0.6979
epoch: 91, loss: 0.7218, accuracy: 0.7188
epoch: 91, loss: 0.8011, accuracy: 0.7253
epoch: 92, loss: 1.1180, accuracy: 0.7000
epoch: 92, loss: 0.8921, accuracy: 0.7125
epoch: 92, loss: 0.1733, accuracy: 0.8042
epoch: 92, loss: 0.3864, accuracy: 0.8359
epoch: 92, loss: 0.2004, accuracy: 0.8575
epoch: 93, loss: 0.5208, accuracy: 0.8438
epoch: 93, loss: 0.1701, accuracy: 0.8969
epoch: 93, loss: 0.1598, accuracy: 0.9271
epoch: 93, loss: 0.1294, accuracy: 0.9391
epoch: 93, loss: 0.1176, accuracy: 0.9448
epoch: 94, loss: 0.2545, accuracy: 0.9250
epoch: 94, loss: 0.0533, accuracy: 0.9625
epoch: 94, loss: 0.0741, accuracy: 0.9750
epoch: 94, loss: 0.0677, accuracy: 0.9797
epoch: 94, loss: 0.0622, accuracy: 0.9833
epoch: 95, loss: 0.1564, accuracy: 0.9750
epoch: 95, loss: 0.0457, accuracy: 0.9875
epoch: 95, loss: 0.0370, accuracy: 0.9917
epoch: 95, loss: 0.0428, accuracy: 0.9937
epoch: 95, loss: 0.0478, accuracy: 0.9949
epoch: 96, loss: 0.0729, accuracy: 1.0000
epoch: 96, loss: 0.0297, accuracy: 1.0000
epoch: 96, loss: 0.0310, accuracy: 1.0000
epoch: 96, loss: 0.0346, accuracy: 1.0000
epoch: 96, loss: 0.0400, accuracy: 1.0000
epoch: 97, loss: 0.0570, accuracy: 1.0000
epoch: 97, loss: 0.0250, accuracy: 1.0000
epoch: 97, loss: 0.0268, accuracy: 1.0000
epoch: 97, loss: 0.0300, accuracy: 1.0000
epoch: 97, loss: 0.0348, accuracy: 1.0000
epoch: 98, loss: 0.0489, accuracy: 1.0000
epoch: 98, loss: 0.0220, accuracy: 1.0000
epoch: 98, loss: 0.0239, accuracy: 1.0000
epoch: 98, loss: 0.0266, accuracy: 1.0000
epoch: 98, loss: 0.0308, accuracy: 1.0000
epoch: 99, loss: 0.0431, accuracy: 1.0000
epoch: 99, loss: 0.0197, accuracy: 1.0000
epoch: 99, loss: 0.0215, accuracy: 1.0000
epoch: 99, loss: 0.0241, accuracy: 1.0000
epoch: 99, loss: 0.0277, accuracy: 1.0000
epoch: 100, loss: 0.0388, accuracy: 1.0000
epoch: 100, loss: 0.0178, accuracy: 1.0000
epoch: 100, loss: 0.0196, accuracy: 1.0000
epoch: 100, loss: 0.0220, accuracy: 1.0000
epoch: 100, loss: 0.0252, accuracy: 1.0000
